TN:
SF:src\entities\ai-provider\index.ts
FNF:0
FNH:0
LF:0
LH:0
BRF:0
BRH:0
end_of_record
TN:
SF:src\entities\ai-provider\api\client.ts
FN:9,(anonymous_0)
FN:18,withRetry
FN:35,(anonymous_2)
FN:44,(anonymous_3)
FN:48,(anonymous_4)
FN:68,(anonymous_5)
FN:77,(anonymous_6)
FN:85,(anonymous_7)
FN:103,(anonymous_8)
FN:135,(anonymous_9)
FN:136,(anonymous_10)
FN:137,(anonymous_11)
FN:141,(anonymous_12)
FN:154,(anonymous_13)
FN:175,(anonymous_14)
FN:194,(anonymous_15)
FN:199,(anonymous_16)
FN:219,(anonymous_17)
FN:220,(anonymous_18)
FN:224,(anonymous_19)
FN:231,(anonymous_20)
FN:254,(anonymous_21)
FN:255,(anonymous_22)
FN:262,(anonymous_23)
FN:331,(anonymous_24)
FN:350,(anonymous_25)
FN:372,(anonymous_26)
FN:399,(anonymous_27)
FN:445,(anonymous_28)
FN:478,(anonymous_29)
FN:519,(anonymous_30)
FN:554,(anonymous_31)
FN:564,testConnection
FNF:33
FNH:29
FNDA:0,(anonymous_0)
FNDA:9,withRetry
FNDA:0,(anonymous_2)
FNDA:30,(anonymous_3)
FNDA:25,(anonymous_4)
FNDA:5,(anonymous_5)
FNDA:6,(anonymous_6)
FNDA:4,(anonymous_7)
FNDA:1,(anonymous_8)
FNDA:25,(anonymous_9)
FNDA:10,(anonymous_10)
FNDA:9,(anonymous_11)
FNDA:25,(anonymous_12)
FNDA:1,(anonymous_13)
FNDA:9,(anonymous_14)
FNDA:8,(anonymous_15)
FNDA:8,(anonymous_16)
FNDA:6,(anonymous_17)
FNDA:6,(anonymous_18)
FNDA:1,(anonymous_19)
FNDA:1,(anonymous_20)
FNDA:0,(anonymous_21)
FNDA:0,(anonymous_22)
FNDA:2,(anonymous_23)
FNDA:4,(anonymous_24)
FNDA:3,(anonymous_25)
FNDA:1,(anonymous_26)
FNDA:2,(anonymous_27)
FNDA:4,(anonymous_28)
FNDA:1,(anonymous_29)
FNDA:11,(anonymous_30)
FNDA:1,(anonymous_31)
FNDA:2,testConnection
DA:10,0
DA:11,0
DA:15,2
DA:16,2
DA:19,9
DA:20,9
DA:21,9
DA:24,2
DA:26,2
DA:27,2
DA:28,0
DA:32,2
DA:34,0
DA:35,0
DA:38,0
DA:45,30
DA:58,25
DA:59,25
DA:60,25
DA:62,25
DA:63,1
DA:65,24
DA:76,5
DA:77,6
DA:79,5
DA:80,4
DA:82,1
DA:91,4
DA:93,1
DA:95,1
DA:97,1
DA:99,1
DA:109,1
DA:117,1
DA:128,1
DA:129,0
DA:130,0
DA:132,1
DA:136,25
DA:137,25
DA:138,25
DA:142,25
DA:144,8
DA:146,3
DA:148,4
DA:150,10
DA:161,1
DA:163,1
DA:165,0
DA:167,0
DA:169,0
DA:176,9
DA:184,9
DA:185,1
DA:187,8
DA:190,9
DA:191,9
DA:199,8
DA:200,8
DA:211,8
DA:212,2
DA:213,2
DA:214,0
DA:216,2
DA:218,6
DA:219,6
DA:220,8
DA:231,1
DA:232,1
DA:243,1
DA:244,0
DA:245,0
DA:246,0
DA:248,0
DA:250,1
DA:255,0
DA:256,0
DA:257,0
DA:258,0
DA:259,0
DA:267,2
DA:268,2
DA:269,2
DA:270,2
DA:271,2
DA:273,2
DA:274,7
DA:275,7
DA:276,5
DA:277,5
DA:278,5
DA:279,7
DA:280,7
DA:281,5
DA:282,5
DA:283,4
DA:284,4
DA:286,4
DA:287,0
DA:288,0
DA:289,0
DA:290,0
DA:292,0
DA:295,4
DA:296,0
DA:297,0
DA:298,0
DA:299,0
DA:301,0
DA:304,0
DA:307,4
DA:308,3
DA:309,0
DA:310,0
DA:312,3
DA:313,3
DA:314,3
DA:318,0
DA:322,0
DA:326,2
DA:332,4
DA:338,4
DA:339,1
DA:340,1
DA:342,3
DA:343,3
DA:346,4
DA:347,4
DA:351,3
DA:355,3
DA:364,3
DA:365,0
DA:366,0
DA:368,3
DA:369,3
DA:379,1
DA:383,1
DA:392,1
DA:393,0
DA:394,0
DA:396,1
DA:404,2
DA:405,2
DA:406,2
DA:407,2
DA:408,2
DA:410,2
DA:411,6
DA:412,6
DA:413,4
DA:414,4
DA:415,4
DA:416,6
DA:417,4
DA:418,4
DA:419,4
DA:420,2
DA:421,2
DA:422,2
DA:423,4
DA:424,4
DA:425,0
DA:426,0
DA:428,2
DA:429,2
DA:430,2
DA:437,2
DA:443,30
DA:446,4
DA:450,4
DA:454,4
DA:455,1
DA:456,1
DA:458,3
DA:459,3
DA:461,4
DA:470,4
DA:471,1
DA:472,1
DA:474,3
DA:475,3
DA:485,1
DA:489,1
DA:494,1
DA:495,0
DA:496,0
DA:498,1
DA:499,1
DA:501,1
DA:510,1
DA:511,0
DA:512,0
DA:514,1
DA:520,11
DA:521,11
DA:523,9
DA:527,9
DA:541,9
DA:542,1
DA:543,1
DA:545,8
DA:546,8
DA:560,1
DA:565,2
DA:566,2
DA:567,2
DA:568,1
DA:570,1
LF:208
LH:162
BRDA:18,0,0,9
BRDA:24,1,0,2
BRDA:24,1,1,2
BRDA:24,1,2,2
BRDA:26,2,0,2
BRDA:26,2,1,0
BRDA:26,3,0,2
BRDA:26,3,1,0
BRDA:27,4,0,0
BRDA:27,4,1,2
BRDA:27,5,0,2
BRDA:27,5,1,0
BRDA:62,6,0,1
BRDA:62,6,1,24
BRDA:79,7,0,4
BRDA:79,7,1,1
BRDA:91,8,0,1
BRDA:91,8,1,1
BRDA:91,8,2,1
BRDA:91,8,3,1
BRDA:128,9,0,0
BRDA:128,9,1,1
BRDA:142,10,0,8
BRDA:142,10,1,3
BRDA:142,10,2,4
BRDA:142,10,3,10
BRDA:161,11,0,1
BRDA:161,11,1,0
BRDA:161,11,2,0
BRDA:161,11,3,0
BRDA:175,12,0,9
BRDA:184,13,0,1
BRDA:184,13,1,8
BRDA:190,14,0,1
BRDA:190,14,1,8
BRDA:211,15,0,2
BRDA:211,15,1,6
BRDA:213,16,0,0
BRDA:213,16,1,2
BRDA:213,17,0,2
BRDA:213,17,1,2
BRDA:213,17,2,2
BRDA:219,18,0,6
BRDA:219,18,1,0
BRDA:220,19,0,8
BRDA:220,19,1,0
BRDA:243,20,0,0
BRDA:243,20,1,1
BRDA:245,21,0,0
BRDA:245,21,1,0
BRDA:245,22,0,0
BRDA:245,22,1,0
BRDA:245,22,2,0
BRDA:256,23,0,0
BRDA:256,23,1,0
BRDA:258,24,0,0
BRDA:258,24,1,0
BRDA:275,25,0,2
BRDA:275,25,1,5
BRDA:278,26,0,5
BRDA:278,26,1,5
BRDA:280,27,0,2
BRDA:280,27,1,5
BRDA:282,28,0,1
BRDA:282,28,1,4
BRDA:286,29,0,0
BRDA:286,29,1,4
BRDA:287,30,0,0
BRDA:287,30,1,0
BRDA:288,31,0,0
BRDA:288,31,1,0
BRDA:289,32,0,0
BRDA:289,32,1,0
BRDA:289,33,0,0
BRDA:289,33,1,0
BRDA:295,34,0,0
BRDA:295,34,1,4
BRDA:295,35,0,4
BRDA:295,35,1,0
BRDA:297,36,0,0
BRDA:297,36,1,0
BRDA:299,37,0,0
BRDA:299,37,1,0
BRDA:299,38,0,0
BRDA:299,38,1,0
BRDA:301,39,0,0
BRDA:301,39,1,0
BRDA:307,40,0,3
BRDA:307,40,1,1
BRDA:308,41,0,0
BRDA:308,41,1,3
BRDA:308,42,0,3
BRDA:308,42,1,0
BRDA:308,42,2,0
BRDA:312,43,0,3
BRDA:312,43,1,0
BRDA:318,44,0,0
BRDA:318,44,1,0
BRDA:319,45,0,0
BRDA:319,45,1,0
BRDA:319,45,2,0
BRDA:331,46,0,4
BRDA:338,47,0,1
BRDA:338,47,1,3
BRDA:346,48,0,1
BRDA:346,48,1,3
BRDA:364,49,0,0
BRDA:364,49,1,3
BRDA:369,50,0,3
BRDA:369,50,1,0
BRDA:392,51,0,0
BRDA:392,51,1,1
BRDA:412,52,0,2
BRDA:412,52,1,4
BRDA:415,53,0,4
BRDA:415,53,1,4
BRDA:417,54,0,0
BRDA:417,54,1,4
BRDA:419,55,0,2
BRDA:419,55,1,2
BRDA:423,56,0,4
BRDA:423,56,1,2
BRDA:424,57,0,0
BRDA:424,57,1,4
BRDA:424,58,0,4
BRDA:424,58,1,0
BRDA:428,59,0,2
BRDA:428,59,1,0
BRDA:454,60,0,1
BRDA:454,60,1,3
BRDA:470,61,0,1
BRDA:470,61,1,3
BRDA:475,62,0,3
BRDA:475,62,1,0
BRDA:494,63,0,0
BRDA:494,63,1,1
BRDA:510,64,0,0
BRDA:510,64,1,1
BRDA:521,65,0,2
BRDA:521,65,1,9
BRDA:531,66,0,8
BRDA:531,66,1,1
BRDA:541,67,0,1
BRDA:541,67,1,8
BRDA:547,68,0,8
BRDA:547,68,1,4
BRDA:547,68,2,2
BRDA:547,68,3,1
BRF:148
BRH:89
end_of_record
TN:
SF:src\entities\analysis\index.ts
FNF:0
FNH:0
LF:0
LH:0
BRF:0
BRH:0
end_of_record
TN:
SF:src\entities\game\index.ts
FNF:0
FNH:0
LF:0
LH:0
BRF:0
BRH:0
end_of_record
TN:
SF:src\entities\game\lib\csv-parser.ts
FN:4,generateId
FN:8,parseCSV
FN:12,(anonymous_2)
FN:18,(anonymous_3)
FN:19,(anonymous_4)
FN:22,(anonymous_5)
FN:25,(anonymous_6)
FN:38,parseWithColumns
FN:45,(anonymous_8)
FN:47,(anonymous_9)
FN:49,(anonymous_10)
FN:80,parseJSON
FN:84,(anonymous_12)
FN:95,(anonymous_13)
FN:98,parsePlainText
FN:101,(anonymous_15)
FN:103,(anonymous_16)
FN:116,parseAnyFormat
FN:141,gamesToCSV
FN:142,(anonymous_19)
FNF:20
FNH:20
FNDA:22,generateId
FNDA:7,parseCSV
FNDA:32,(anonymous_2)
FNDA:16,(anonymous_3)
FNDA:6,(anonymous_4)
FNDA:16,(anonymous_5)
FNDA:12,(anonymous_6)
FNDA:6,parseWithColumns
FNDA:6,(anonymous_8)
FNDA:16,(anonymous_9)
FNDA:8,(anonymous_10)
FNDA:5,parseJSON
FNDA:6,(anonymous_12)
FNDA:6,(anonymous_13)
FNDA:3,parsePlainText
FNDA:8,(anonymous_15)
FNDA:7,(anonymous_16)
FNDA:3,parseAnyFormat
FNDA:1,gamesToCSV
FNDA:2,(anonymous_19)
DA:5,22
DA:9,7
DA:12,32
DA:15,7
DA:16,7
DA:18,16
DA:19,6
DA:20,6
DA:22,6
DA:23,16
DA:25,6
DA:26,12
DA:29,6
DA:30,0
DA:31,0
DA:32,0
DA:35,6
DA:44,6
DA:45,6
DA:46,6
DA:47,16
DA:49,8
DA:51,6
DA:53,6
DA:54,11
DA:55,11
DA:57,11
DA:58,11
DA:59,11
DA:61,11
DA:62,11
DA:63,2
DA:64,1
DA:66,2
DA:69,9
DA:77,6
DA:81,5
DA:82,5
DA:83,5
DA:84,6
DA:95,6
DA:99,3
DA:101,8
DA:103,3
DA:104,7
DA:105,7
DA:106,4
DA:112,3
DA:117,3
DA:118,3
DA:119,1
DA:120,1
DA:125,2
DA:131,1
DA:132,1
DA:134,1
DA:135,0
DA:136,0
DA:138,1
DA:142,2
DA:147,1
LF:61
LH:56
BRDA:16,0,0,1
BRDA:16,0,1,6
BRDA:29,1,0,0
BRDA:29,1,1,6
BRDA:31,2,0,0
BRDA:31,2,1,0
BRDA:32,3,0,0
BRDA:32,3,1,0
BRDA:32,4,0,0
BRDA:32,4,1,0
BRDA:35,5,0,6
BRDA:35,5,1,0
BRDA:35,6,0,7
BRDA:35,6,1,2
BRDA:45,7,0,6
BRDA:45,7,1,0
BRDA:46,8,0,6
BRDA:46,8,1,0
BRDA:47,9,0,6
BRDA:47,9,1,0
BRDA:49,10,0,4
BRDA:49,10,1,2
BRDA:49,11,0,4
BRDA:49,11,1,0
BRDA:55,12,0,0
BRDA:55,12,1,11
BRDA:57,13,0,11
BRDA:57,13,1,0
BRDA:58,14,0,9
BRDA:58,14,1,2
BRDA:59,15,0,9
BRDA:59,15,1,2
BRDA:59,16,0,9
BRDA:59,16,1,9
BRDA:62,17,0,2
BRDA:62,17,1,9
BRDA:63,18,0,1
BRDA:63,18,1,1
BRDA:63,19,0,2
BRDA:63,19,1,1
BRDA:63,19,2,1
BRDA:73,20,0,0
BRDA:73,20,1,9
BRDA:82,21,0,4
BRDA:82,21,1,1
BRDA:82,22,0,1
BRDA:82,22,1,0
BRDA:82,22,2,0
BRDA:86,23,0,6
BRDA:86,23,1,0
BRDA:86,23,2,0
BRDA:86,23,3,0
BRDA:87,24,0,0
BRDA:87,24,1,6
BRDA:89,25,0,4
BRDA:89,25,1,2
BRDA:89,26,0,6
BRDA:89,26,1,4
BRDA:89,26,2,4
BRDA:91,27,0,1
BRDA:91,27,1,1
BRDA:91,28,0,2
BRDA:91,28,1,1
BRDA:91,28,2,1
BRDA:105,29,0,4
BRDA:105,29,1,3
BRDA:118,30,0,1
BRDA:118,30,1,2
BRDA:118,31,0,3
BRDA:118,31,1,3
BRDA:125,32,0,1
BRDA:125,32,1,1
BRDA:126,33,0,2
BRDA:126,33,1,1
BRDA:126,33,2,0
BRDA:126,33,3,0
BRDA:132,34,0,1
BRDA:132,34,1,0
BRDA:134,35,0,0
BRDA:134,35,1,1
BRDA:136,36,0,0
BRDA:136,36,1,0
BRDA:144,37,0,2
BRDA:144,37,1,1
BRDA:145,38,0,1
BRDA:145,38,1,1
BRF:86
BRH:59
end_of_record
TN:
SF:src\features\analyze-game\index.ts
FNF:0
FNH:0
LF:0
LH:0
BRF:0
BRH:0
end_of_record
TN:
SF:src\features\analyze-game\lib\response-parser.ts
FN:19,normalizeKey
FN:26,parseResponseSections
FN:52,extractMetrics
FN:63,(anonymous_3)
FN:109,(anonymous_4)
FN:111,(anonymous_5)
FN:127,computeTargetPrice
FN:155,formatPriceValue
FN:173,getSectionType
FN:187,isKnownSection
FN:205,isInternalSection
FN:206,(anonymous_11)
FNF:12
FNH:12
FNDA:8,normalizeKey
FNDA:7,parseResponseSections
FNDA:13,extractMetrics
FNDA:12,(anonymous_3)
FNDA:1,(anonymous_4)
FNDA:1,(anonymous_5)
FNDA:76,computeTargetPrice
FNDA:73,formatPriceValue
FNDA:11,getSectionType
FNDA:14,isKnownSection
FNDA:10,isInternalSection
FNDA:56,(anonymous_11)
DA:20,8
DA:27,7
DA:28,7
DA:30,7
DA:31,2
DA:34,7
DA:35,8
DA:36,8
DA:37,8
DA:38,1
DA:40,7
DA:41,7
DA:45,7
DA:49,7
DA:53,13
DA:63,13
DA:64,13
DA:65,1
DA:68,13
DA:69,13
DA:70,6
DA:73,6
DA:74,1
DA:75,1
DA:77,5
DA:78,5
DA:81,6
DA:84,6
DA:85,6
DA:86,1
DA:87,1
DA:89,0
DA:90,0
DA:95,13
DA:96,3
DA:97,2
DA:98,1
DA:101,13
DA:102,2
DA:106,13
DA:107,1
DA:109,1
DA:111,1
DA:115,1
DA:119,13
DA:134,76
DA:135,76
DA:136,73
DA:138,76
DA:139,76
DA:141,76
DA:142,1
DA:145,76
DA:147,76
DA:148,73
DA:150,70
DA:151,70
DA:152,70
DA:156,73
DA:159,3
DA:176,11
DA:177,9
DA:178,8
DA:179,7
DA:180,6
DA:181,5
DA:182,4
DA:183,3
DA:184,2
DA:188,14
DA:189,98
DA:191,2
DA:194,3
DA:206,56
LF:74
LH:72
BRDA:30,0,0,2
BRDA:30,0,1,5
BRDA:37,1,0,1
BRDA:37,1,1,7
BRDA:64,2,0,1
BRDA:64,2,1,12
BRDA:64,3,0,13
BRDA:64,3,1,1
BRDA:69,4,0,6
BRDA:69,4,1,7
BRDA:73,5,0,1
BRDA:73,5,1,5
BRDA:78,6,0,5
BRDA:78,6,1,0
BRDA:84,7,0,5
BRDA:84,7,1,1
BRDA:85,8,0,1
BRDA:85,8,1,5
BRDA:87,9,0,1
BRDA:87,9,1,0
BRDA:90,10,0,0
BRDA:90,10,1,0
BRDA:95,11,0,3
BRDA:95,11,1,10
BRDA:96,12,0,1
BRDA:96,12,1,2
BRDA:97,13,0,1
BRDA:97,13,1,1
BRDA:98,14,0,1
BRDA:98,14,1,0
BRDA:101,15,0,2
BRDA:101,15,1,11
BRDA:102,16,0,2
BRDA:102,16,1,1
BRDA:106,17,0,1
BRDA:106,17,1,12
BRDA:115,18,0,1
BRDA:115,18,1,0
BRDA:135,19,0,3
BRDA:135,19,1,73
BRDA:136,20,0,4
BRDA:136,20,1,69
BRDA:138,21,0,76
BRDA:138,21,1,0
BRDA:139,22,0,1
BRDA:139,22,1,75
BRDA:139,23,0,76
BRDA:139,23,1,74
BRDA:139,23,2,2
BRDA:141,24,0,1
BRDA:141,24,1,75
BRDA:141,25,0,76
BRDA:141,25,1,2
BRDA:147,26,0,3
BRDA:147,26,1,73
BRDA:148,27,0,3
BRDA:148,27,1,70
BRDA:176,28,0,2
BRDA:176,28,1,9
BRDA:176,29,0,11
BRDA:176,29,1,10
BRDA:177,30,0,1
BRDA:177,30,1,8
BRDA:178,31,0,1
BRDA:178,31,1,7
BRDA:179,32,0,1
BRDA:179,32,1,6
BRDA:180,33,0,1
BRDA:180,33,1,5
BRDA:181,34,0,1
BRDA:181,34,1,4
BRDA:182,35,0,1
BRDA:182,35,1,3
BRDA:183,36,0,1
BRDA:183,36,1,2
BRDA:189,37,0,12
BRDA:189,37,1,86
BRF:77
BRH:70
end_of_record
TN:
SF:src\features\analyze-game\model\session-cache.ts
FN:16,(anonymous_0)
FN:17,(anonymous_1)
FN:18,(anonymous_2)
FNF:3
FNH:3
FNDA:36,(anonymous_0)
FNDA:27,(anonymous_1)
FNDA:8,(anonymous_2)
DA:11,3
DA:13,3
DA:15,3
DA:16,36
DA:17,27
DA:18,8
LF:6
LH:6
BRF:0
BRH:0
end_of_record
TN:
SF:src\features\analyze-game\ui\AnalyzeForm.tsx
FN:26,AnalyzeForm
FN:35,(anonymous_1)
FN:49,(anonymous_2)
FN:79,(anonymous_3)
FN:100,(anonymous_4)
FNF:5
FNH:5
FNDA:29,AnalyzeForm
FNDA:8,(anonymous_1)
FNDA:3,(anonymous_2)
FNDA:14,(anonymous_3)
FNDA:4,(anonymous_4)
DA:1,2
DA:27,29
DA:28,29
DA:29,29
DA:30,29
DA:31,29
DA:32,29
DA:33,29
DA:35,29
DA:36,8
DA:37,8
DA:41,29
DA:42,29
DA:43,29
DA:45,29
DA:46,29
DA:47,29
DA:49,29
DA:51,3
DA:52,3
DA:53,3
DA:54,3
DA:55,3
DA:56,3
DA:57,1
DA:62,29
DA:79,14
DA:100,4
LF:28
LH:28
BRDA:36,0,0,8
BRDA:36,0,1,0
BRDA:36,1,0,8
BRDA:36,1,1,8
BRDA:42,2,0,29
BRDA:42,2,1,29
BRDA:45,3,0,14
BRDA:45,3,1,15
BRDA:46,4,0,29
BRDA:46,4,1,3
BRDA:46,4,2,1
BRDA:47,5,0,29
BRDA:47,5,1,3
BRDA:53,6,0,0
BRDA:53,6,1,3
BRDA:56,7,0,2
BRDA:56,7,1,1
BRDA:56,8,0,3
BRDA:56,8,1,2
BRDA:56,8,2,1
BRDA:64,9,0,2
BRDA:64,9,1,27
BRDA:80,10,0,29
BRDA:80,10,1,27
BRDA:82,11,0,29
BRDA:82,11,1,28
BRDA:84,12,0,1
BRDA:84,12,1,28
BRDA:101,13,0,29
BRDA:101,13,1,27
BRDA:102,14,0,29
BRDA:102,14,1,27
BRDA:105,15,0,2
BRDA:105,15,1,27
BRF:34
BRH:32
end_of_record
TN:
SF:src\features\analyze-game\ui\AnalyzeForm.utils.ts
FN:1,currencyPrefixFromSettings
FN:9,(anonymous_1)
FNF:2
FNH:2
FNDA:34,currencyPrefixFromSettings
FNDA:32,(anonymous_1)
DA:2,34
DA:3,33
DA:4,33
DA:9,33
DA:10,33
DA:12,1
LF:6
LH:6
BRDA:2,0,0,1
BRDA:2,0,1,33
BRDA:10,1,0,33
BRDA:10,1,1,0
BRF:4
BRH:3
end_of_record
TN:
SF:src\features\analyze-game\ui\AnalyzePage.utils.ts
FN:1,errorMessage
FNF:1
FNH:1
FNDA:6,errorMessage
DA:2,6
DA:3,5
DA:4,4
LF:3
LH:3
BRDA:2,0,0,1
BRDA:2,0,1,5
BRDA:3,1,0,1
BRDA:3,1,1,4
BRF:4
BRH:4
end_of_record
TN:
SF:src\features\analyze-game\ui\HistoryPage.types.ts
FNF:0
FNH:0
LF:0
LH:0
BRF:0
BRH:0
end_of_record
TN:
SF:src\features\analyze-game\ui\ResultCard.utils.ts
FN:4,riskAccent
FN:11,riskColor
FN:18,confidenceColor
FN:25,scoreColor
FN:32,priceColor
FN:38,formatCurrencyValue
FN:52,formatPrice
FN:69,displaySortKey
FN:70,(anonymous_8)
FNF:9
FNH:9
FNDA:4,riskAccent
FNDA:4,riskColor
FNDA:7,confidenceColor
FNDA:8,scoreColor
FNDA:4,priceColor
FNDA:4,formatCurrencyValue
FNDA:3,formatPrice
FNDA:8,displaySortKey
FNDA:26,(anonymous_8)
DA:5,4
DA:6,3
DA:7,2
DA:8,1
DA:12,4
DA:13,3
DA:14,2
DA:15,1
DA:19,7
DA:20,7
DA:21,4
DA:22,2
DA:26,8
DA:27,6
DA:28,4
DA:29,2
DA:33,4
DA:34,4
DA:35,3
DA:39,4
DA:40,4
DA:41,4
DA:48,1
DA:53,3
DA:54,3
DA:55,3
DA:57,1
DA:61,2
DA:70,26
DA:71,8
DA:74,2
LF:31
LH:31
BRDA:5,0,0,1
BRDA:5,0,1,3
BRDA:6,1,0,1
BRDA:6,1,1,2
BRDA:7,2,0,1
BRDA:7,2,1,1
BRDA:12,3,0,1
BRDA:12,3,1,3
BRDA:13,4,0,1
BRDA:13,4,1,2
BRDA:14,5,0,1
BRDA:14,5,1,1
BRDA:20,6,0,3
BRDA:20,6,1,4
BRDA:20,7,0,7
BRDA:20,7,1,6
BRDA:21,8,0,2
BRDA:21,8,1,2
BRDA:26,9,0,2
BRDA:26,9,1,6
BRDA:27,10,0,2
BRDA:27,10,1,4
BRDA:28,11,0,2
BRDA:28,11,1,2
BRDA:34,12,0,1
BRDA:34,12,1,3
BRDA:34,13,0,4
BRDA:34,13,1,3
BRDA:39,14,0,4
BRDA:39,14,1,1
BRDA:53,15,0,3
BRDA:53,15,1,1
BRDA:71,16,0,2
BRDA:71,16,1,6
BRF:34
BRH:34
end_of_record
TN:
SF:src\features\auth\index.ts
FNF:0
FNH:0
LF:0
LH:0
BRF:0
BRH:0
end_of_record
TN:
SF:src\features\auth\ui\AuthPage.tsx
FN:36,AuthPage
FN:46,(anonymous_1)
FN:92,(anonymous_2)
FN:100,(anonymous_3)
FN:123,(anonymous_4)
FN:149,(anonymous_5)
FN:169,(anonymous_6)
FN:192,(anonymous_7)
FN:225,(anonymous_8)
FN:228,(anonymous_9)
FN:245,(anonymous_10)
FN:257,(anonymous_11)
FN:270,(anonymous_12)
FN:277,(anonymous_13)
FN:289,(anonymous_14)
FNF:15
FNH:13
FNDA:290,AuthPage
FNDA:11,(anonymous_1)
FNDA:1,(anonymous_2)
FNDA:0,(anonymous_3)
FNDA:7,(anonymous_4)
FNDA:56,(anonymous_5)
FNDA:1,(anonymous_6)
FNDA:32,(anonymous_7)
FNDA:0,(anonymous_8)
FNDA:1,(anonymous_9)
FNDA:12,(anonymous_10)
FNDA:80,(anonymous_11)
FNDA:57,(anonymous_12)
FNDA:5,(anonymous_13)
FNDA:1,(anonymous_14)
DA:1,1
DA:37,290
DA:38,290
DA:39,290
DA:40,290
DA:41,290
DA:42,290
DA:43,290
DA:44,290
DA:46,290
DA:47,11
DA:48,11
DA:49,11
DA:50,11
DA:52,11
DA:53,3
DA:54,3
DA:55,1
DA:57,2
DA:59,8
DA:60,2
DA:61,0
DA:62,0
DA:63,0
DA:65,2
DA:66,2
DA:67,0
DA:69,2
DA:71,6
DA:72,4
DA:73,0
DA:74,0
DA:75,0
DA:77,4
DA:78,4
DA:79,1
DA:81,3
DA:82,3
DA:85,2
DA:86,2
DA:89,11
DA:92,290
DA:93,1
DA:94,1
DA:95,1
DA:96,1
DA:97,1
DA:100,290
DA:101,0
DA:102,0
DA:103,0
DA:104,0
DA:105,0
DA:106,0
DA:107,0
DA:111,0
DA:112,0
DA:113,0
DA:114,0
DA:115,0
DA:118,0
DA:120,0
DA:123,290
DA:124,7
DA:125,7
DA:126,7
DA:129,290
DA:130,69
DA:149,56
DA:165,221
DA:166,41
DA:169,1
DA:192,32
DA:207,180
DA:225,0
DA:228,1
DA:245,12
DA:257,80
DA:270,57
DA:277,5
DA:289,1
LF:81
LH:59
BRDA:36,0,0,290
BRDA:38,1,0,69
BRDA:38,1,1,221
BRDA:52,2,0,3
BRDA:52,2,1,8
BRDA:54,3,0,1
BRDA:54,3,1,2
BRDA:59,4,0,2
BRDA:59,4,1,6
BRDA:60,5,0,0
BRDA:60,5,1,2
BRDA:66,6,0,0
BRDA:66,6,1,2
BRDA:71,7,0,4
BRDA:71,7,1,2
BRDA:72,8,0,0
BRDA:72,8,1,4
BRDA:78,9,0,1
BRDA:78,9,1,3
BRDA:86,10,0,1
BRDA:86,10,1,1
BRDA:96,11,0,0
BRDA:96,11,1,1
BRDA:111,12,0,0
BRDA:111,12,1,0
BRDA:113,13,0,0
BRDA:113,13,1,0
BRDA:115,14,0,0
BRDA:115,14,1,0
BRDA:118,15,0,0
BRDA:118,15,1,0
BRDA:129,16,0,69
BRDA:129,16,1,221
BRDA:138,17,0,69
BRDA:138,17,1,1
BRDA:139,18,0,69
BRDA:139,18,1,3
BRDA:157,19,0,4
BRDA:157,19,1,65
BRDA:165,20,0,41
BRDA:165,20,1,180
BRDA:181,21,0,41
BRDA:181,21,1,0
BRDA:182,22,0,41
BRDA:182,22,1,2
BRDA:199,23,0,2
BRDA:199,23,1,39
BRDA:210,24,0,180
BRDA:210,24,1,1
BRDA:233,25,0,290
BRDA:233,25,1,2
BRDA:234,26,0,290
BRDA:234,26,1,2
BRDA:237,27,0,290
BRDA:237,27,1,104
BRDA:268,28,0,104
BRDA:268,28,1,76
BRDA:273,29,0,104
BRDA:273,29,1,76
BRDA:276,30,0,290
BRDA:276,30,1,76
BRDA:282,31,0,6
BRDA:282,31,1,174
BRDA:282,32,0,73
BRDA:282,32,1,101
BRF:65
BRH:52
end_of_record
TN:
SF:src\features\manage-library\index.ts
FNF:0
FNH:0
LF:0
LH:0
BRF:0
BRH:0
end_of_record
TN:
SF:src\features\manage-library\ui\AddGameModal.tsx
FN:7,AddGameModal
FN:24,(anonymous_1)
FN:31,(anonymous_2)
FN:32,(anonymous_3)
FN:42,(anonymous_4)
FN:46,(anonymous_5)
FNF:6
FNH:6
FNDA:8,AddGameModal
FNDA:4,(anonymous_1)
FNDA:1,(anonymous_2)
FNDA:1,(anonymous_3)
FNDA:1,(anonymous_4)
FNDA:1,(anonymous_5)
DA:1,2
DA:22,8
DA:24,4
DA:31,1
DA:33,1
DA:34,1
DA:43,1
DA:44,1
DA:47,1
DA:48,1
LF:10
LH:10
BRDA:33,0,0,0
BRDA:33,0,1,1
BRDA:34,1,0,0
BRDA:34,1,1,1
BRDA:44,2,0,1
BRDA:44,2,1,0
BRDA:44,3,0,1
BRDA:44,3,1,1
BRDA:44,3,2,1
BRDA:47,4,0,0
BRDA:47,4,1,1
BRDA:48,5,0,0
BRDA:48,5,1,1
BRF:13
BRH:8
end_of_record
TN:
SF:src\features\manage-library\ui\GameLibrary.types.ts
FNF:0
FNH:0
LF:0
LH:0
BRF:0
BRH:0
end_of_record
TN:
SF:src\features\manage-settings\index.ts
FNF:0
FNH:0
LF:0
LH:0
BRF:0
BRH:0
end_of_record
TN:
SF:src\features\manage-settings\ui\DangerSection.tsx
FN:7,DangerSection
FNF:1
FNH:1
FNDA:4,DangerSection
DA:1,2
DA:8,4
LF:2
LH:2
BRF:0
BRH:0
end_of_record
TN:
SF:src\features\onboarding\index.ts
FNF:0
FNH:0
LF:0
LH:0
BRF:0
BRH:0
end_of_record
TN:
SF:src\features\onboarding\ui\OnboardingChecklist.tsx
FN:24,wasDismissed
FN:37,OnboardingChecklist
FN:42,(anonymous_2)
FN:43,(anonymous_3)
FN:47,(anonymous_4)
FN:77,(anonymous_5)
FN:80,(anonymous_6)
FN:104,(anonymous_7)
FN:109,(anonymous_8)
FNF:9
FNH:8
FNDA:9,wasDismissed
FNDA:11,OnboardingChecklist
FNDA:9,(anonymous_2)
FNDA:12,(anonymous_3)
FNDA:9,(anonymous_4)
FNDA:33,(anonymous_5)
FNDA:2,(anonymous_6)
FNDA:18,(anonymous_7)
FNDA:0,(anonymous_8)
DA:1,2
DA:22,2
DA:25,9
DA:26,9
DA:38,11
DA:39,11
DA:40,11
DA:42,11
DA:43,12
DA:47,11
DA:77,33
DA:78,11
DA:80,11
DA:81,2
DA:82,2
DA:85,11
DA:86,7
DA:88,6
DA:90,6
DA:105,18
DA:110,0
DA:111,0
DA:112,0
LF:23
LH:20
BRDA:25,0,0,0
BRDA:25,0,1,9
BRDA:51,1,0,3
BRDA:51,1,1,6
BRDA:60,2,0,1
BRDA:60,2,1,8
BRDA:61,3,0,0
BRDA:61,3,1,1
BRDA:63,4,0,0
BRDA:63,4,1,9
BRDA:63,5,0,9
BRDA:63,5,1,1
BRDA:69,6,0,1
BRDA:69,6,1,8
BRDA:85,7,0,4
BRDA:85,7,1,7
BRDA:85,8,0,11
BRDA:85,8,1,8
BRDA:86,9,0,1
BRDA:86,9,1,6
BRDA:110,10,0,0
BRDA:110,10,1,0
BRDA:116,11,0,18
BRDA:116,11,1,2
BRF:24
BRH:19
end_of_record
TN:
SF:src\features\score-calculator\index.ts
FNF:0
FNH:0
LF:0
LH:0
BRF:0
BRH:0
end_of_record
TN:
SF:src\features\score-calculator\lib\gameScorer.ts
FN:13,calculateGameScore
FN:61,parseTimeInput
FN:109,formatTime
FNF:3
FNH:3
FNDA:120,calculateGameScore
FNDA:22,parseTimeInput
FNDA:8,formatTime
DA:17,120
DA:21,120
DA:22,8
DA:23,112
DA:24,6
DA:25,6
DA:26,106
DA:27,11
DA:28,11
DA:29,95
DA:30,20
DA:31,20
DA:32,75
DA:33,32
DA:34,32
DA:36,43
DA:37,43
DA:38,43
DA:41,120
DA:42,3
DA:43,2
DA:46,117
DA:49,120
DA:62,22
DA:64,22
DA:65,2
DA:68,20
DA:69,14
DA:71,14
DA:72,1
DA:75,13
DA:77,13
DA:78,13
DA:79,11
DA:80,11
DA:81,1
DA:83,10
DA:86,12
DA:87,12
DA:88,11
DA:89,11
DA:90,2
DA:92,9
DA:95,10
DA:97,6
DA:98,1
DA:101,5
DA:102,5
DA:103,2
DA:105,3
DA:110,8
DA:111,8
DA:113,8
DA:114,3
DA:115,5
DA:116,2
DA:118,3
LF:57
LH:57
BRDA:17,0,0,3
BRDA:17,0,1,117
BRDA:21,1,0,8
BRDA:21,1,1,112
BRDA:23,2,0,6
BRDA:23,2,1,106
BRDA:26,3,0,11
BRDA:26,3,1,95
BRDA:29,4,0,20
BRDA:29,4,1,75
BRDA:32,5,0,32
BRDA:32,5,1,43
BRDA:41,6,0,3
BRDA:41,6,1,117
BRDA:42,7,0,2
BRDA:42,7,1,1
BRDA:64,8,0,2
BRDA:64,8,1,20
BRDA:68,9,0,14
BRDA:68,9,1,6
BRDA:71,10,0,1
BRDA:71,10,1,13
BRDA:78,11,0,11
BRDA:78,11,1,2
BRDA:80,12,0,1
BRDA:80,12,1,10
BRDA:80,13,0,11
BRDA:80,13,1,11
BRDA:87,14,0,11
BRDA:87,14,1,1
BRDA:89,15,0,2
BRDA:89,15,1,9
BRDA:89,16,0,11
BRDA:89,16,1,11
BRDA:89,16,2,11
BRDA:97,17,0,1
BRDA:97,17,1,5
BRDA:102,18,0,2
BRDA:102,18,1,3
BRDA:102,19,0,5
BRDA:102,19,1,4
BRDA:113,20,0,3
BRDA:113,20,1,5
BRDA:114,21,0,2
BRDA:114,21,1,1
BRDA:115,22,0,2
BRDA:115,22,1,3
BRDA:116,23,0,1
BRDA:116,23,1,1
BRDA:118,24,0,1
BRDA:118,24,1,2
BRDA:118,25,0,2
BRDA:118,25,1,1
BRF:53
BRH:53
end_of_record
TN:
SF:src\features\score-calculator\ui\ScoreCalculatorPage.tsx
FN:20,ScoreCalculatorPage
FN:26,(anonymous_1)
FN:44,(anonymous_2)
FN:79,(anonymous_3)
FN:87,(anonymous_4)
FNF:5
FNH:5
FNDA:29,ScoreCalculatorPage
FNDA:5,(anonymous_1)
FNDA:1,(anonymous_2)
FNDA:15,(anonymous_3)
FNDA:1,(anonymous_4)
DA:1,2
DA:21,29
DA:22,29
DA:23,29
DA:24,29
DA:26,29
DA:27,5
DA:28,5
DA:30,5
DA:31,1
DA:32,1
DA:35,4
DA:36,4
DA:37,1
DA:38,1
DA:41,3
DA:44,29
DA:45,1
DA:46,1
DA:47,1
DA:48,1
DA:51,29
DA:79,15
DA:87,1
LF:24
LH:24
BRDA:30,0,0,1
BRDA:30,0,1,4
BRDA:36,1,0,1
BRDA:36,1,1,3
BRDA:76,2,0,29
BRDA:76,2,1,27
BRDA:92,3,0,29
BRDA:92,3,1,3
BRDA:100,4,0,29
BRDA:100,4,1,3
BRF:10
BRH:10
end_of_record
TN:
SF:src\features\score-calculator\ui\ScoreResult.tsx
FN:16,ScoreResult
FNF:1
FNH:1
FNDA:3,ScoreResult
DA:1,2
DA:17,3
LF:2
LH:2
BRF:0
BRH:0
end_of_record
TN:
SF:src\features\setup-wizard\index.ts
FNF:0
FNH:0
LF:0
LH:0
BRF:0
BRH:0
end_of_record
TN:
SF:src\features\setup-wizard\lib\prompt-generator.ts
FN:3,generateInstructions
FN:29,getExtendedSectionNames
FN:40,buildRole
FN:45,buildCorePrinciples
FN:55,buildScoringRubric
FN:69,buildScoringProcedure
FN:95,buildPlayStyleRules
FN:121,buildNegativeFactors
FN:150,buildPacingRules
FN:157,buildDialogueRules
FN:167,buildNavigationRules
FN:174,buildQualityRules
FN:181,buildRedLineRisk
FN:224,buildRefundGuard
FN:234,getPersonalizedSections
FN:256,(anonymous_15)
FN:257,(anonymous_16)
FN:260,buildOutputFormat
FNF:18
FNH:18
FNDA:25,generateInstructions
FNDA:6,getExtendedSectionNames
FNDA:25,buildRole
FNDA:25,buildCorePrinciples
FNDA:25,buildScoringRubric
FNDA:25,buildScoringProcedure
FNDA:25,buildPlayStyleRules
FNDA:25,buildNegativeFactors
FNDA:25,buildPacingRules
FNDA:25,buildDialogueRules
FNDA:25,buildNavigationRules
FNDA:25,buildQualityRules
FNDA:25,buildRedLineRisk
FNDA:25,buildRefundGuard
FNDA:6,getPersonalizedSections
FNDA:38,(anonymous_15)
FNDA:10,(anonymous_16)
FNDA:25,buildOutputFormat
DA:4,25
DA:6,25
DA:7,25
DA:8,25
DA:9,25
DA:10,25
DA:11,25
DA:12,25
DA:13,25
DA:14,25
DA:15,25
DA:16,25
DA:17,25
DA:18,25
DA:20,25
DA:21,1
DA:26,25
DA:30,6
DA:31,6
DA:32,10
DA:34,6
DA:35,1
DA:37,6
DA:41,25
DA:46,25
DA:56,25
DA:70,25
DA:96,25
DA:98,25
DA:99,23
DA:100,2
DA:101,1
DA:103,1
DA:106,25
DA:107,0
DA:110,25
DA:111,17
DA:114,25
DA:115,2
DA:118,25
DA:122,25
DA:124,25
DA:125,18
DA:128,25
DA:129,2
DA:132,25
DA:133,2
DA:136,25
DA:137,25
DA:140,25
DA:141,2
DA:142,2
DA:146,25
DA:147,25
DA:151,25
DA:153,19
DA:158,25
DA:159,1
DA:161,24
DA:163,25
DA:168,25
DA:170,2
DA:175,25
DA:177,15
DA:182,25
DA:183,25
DA:185,25
DA:186,3
DA:188,25
DA:189,2
DA:191,25
DA:192,18
DA:194,25
DA:195,17
DA:197,25
DA:198,2
DA:201,25
DA:202,2
DA:204,25
DA:205,2
DA:207,25
DA:208,2
DA:211,25
DA:212,2
DA:213,2
DA:217,25
DA:225,25
DA:235,6
DA:237,6
DA:238,5
DA:239,6
DA:240,5
DA:241,6
DA:242,1
DA:243,6
DA:244,1
DA:245,6
DA:246,1
DA:247,6
DA:248,1
DA:249,6
DA:250,5
DA:251,6
DA:252,5
DA:253,6
DA:254,0
DA:256,38
DA:257,10
DA:261,25
LF:109
LH:107
BRDA:20,0,0,1
BRDA:20,0,1,24
BRDA:34,1,0,1
BRDA:34,1,1,5
BRDA:98,2,0,23
BRDA:98,2,1,2
BRDA:100,3,0,1
BRDA:100,3,1,1
BRDA:106,4,0,0
BRDA:106,4,1,25
BRDA:110,5,0,17
BRDA:110,5,1,8
BRDA:114,6,0,2
BRDA:114,6,1,23
BRDA:124,7,0,18
BRDA:124,7,1,7
BRDA:128,8,0,2
BRDA:128,8,1,23
BRDA:132,9,0,2
BRDA:132,9,1,23
BRDA:136,10,0,25
BRDA:136,10,1,0
BRDA:136,11,0,25
BRDA:136,11,1,0
BRDA:140,12,0,2
BRDA:140,12,1,23
BRDA:146,13,0,0
BRDA:146,13,1,25
BRDA:151,14,0,6
BRDA:151,14,1,19
BRDA:151,15,0,25
BRDA:151,15,1,7
BRDA:158,16,0,1
BRDA:158,16,1,24
BRDA:158,17,0,25
BRDA:158,17,1,24
BRDA:161,18,0,2
BRDA:161,18,1,22
BRDA:164,19,0,2
BRDA:164,19,1,22
BRDA:168,20,0,23
BRDA:168,20,1,2
BRDA:175,21,0,10
BRDA:175,21,1,15
BRDA:175,22,0,25
BRDA:175,22,1,23
BRDA:185,23,0,3
BRDA:185,23,1,22
BRDA:185,24,0,25
BRDA:185,24,1,23
BRDA:188,25,0,2
BRDA:188,25,1,23
BRDA:191,26,0,18
BRDA:191,26,1,7
BRDA:194,27,0,17
BRDA:194,27,1,8
BRDA:197,28,0,2
BRDA:197,28,1,23
BRDA:201,29,0,2
BRDA:201,29,1,23
BRDA:204,30,0,2
BRDA:204,30,1,23
BRDA:207,31,0,2
BRDA:207,31,1,23
BRDA:211,32,0,2
BRDA:211,32,1,23
BRDA:219,33,0,21
BRDA:219,33,1,4
BRDA:220,34,0,5
BRDA:220,34,1,20
BRDA:237,35,0,5
BRDA:237,35,1,1
BRDA:239,36,0,5
BRDA:239,36,1,1
BRDA:241,37,0,1
BRDA:241,37,1,5
BRDA:243,38,0,1
BRDA:243,38,1,5
BRDA:245,39,0,1
BRDA:245,39,1,5
BRDA:247,40,0,1
BRDA:247,40,1,5
BRDA:249,41,0,5
BRDA:249,41,1,1
BRDA:249,42,0,6
BRDA:249,42,1,1
BRDA:251,43,0,5
BRDA:251,43,1,1
BRDA:253,44,0,0
BRDA:253,44,1,6
BRF:90
BRH:85
end_of_record
TN:
SF:src\features\setup-wizard\ui\SetupWizard.types.ts
FNF:0
FNH:0
LF:0
LH:0
BRF:0
BRH:0
end_of_record
TN:
SF:src\features\setup-wizard\ui\SetupWizard.utils.ts
FN:62,defaultSetupAnswers
FN:82,defaultAiConfig
FN:97,mergeGameLists
FN:99,(anonymous_3)
FN:121,computeScoreBuckets
FN:143,generateId
FNF:6
FNH:6
FNDA:3,defaultSetupAnswers
FNDA:1,defaultAiConfig
FNDA:10,mergeGameLists
FNDA:16,(anonymous_3)
FNDA:4,computeScoreBuckets
FNDA:101,generateId
DA:4,2
DA:11,2
DA:63,3
DA:83,1
DA:98,10
DA:99,16
DA:100,10
DA:101,8
DA:103,10
DA:104,8
DA:105,8
DA:106,8
DA:107,2
DA:108,2
DA:110,6
DA:111,2
DA:113,4
DA:114,4
DA:115,4
DA:118,10
DA:122,4
DA:129,4
DA:130,19
DA:131,3
DA:132,3
DA:134,16
DA:135,16
DA:136,12
DA:137,8
DA:138,4
DA:140,4
DA:144,101
LF:32
LH:32
BRDA:86,0,0,1
BRDA:86,0,1,0
BRDA:97,1,0,10
BRDA:106,2,0,2
BRDA:106,2,1,6
BRDA:110,3,0,2
BRDA:110,3,1,4
BRDA:111,4,0,1
BRDA:111,4,1,1
BRDA:111,5,0,2
BRDA:111,5,1,2
BRDA:113,6,0,4
BRDA:113,6,1,0
BRDA:114,7,0,4
BRDA:114,7,1,0
BRDA:115,8,0,1
BRDA:115,8,1,3
BRDA:130,9,0,3
BRDA:130,9,1,16
BRDA:130,10,0,19
BRDA:130,10,1,16
BRDA:130,10,2,16
BRDA:135,11,0,4
BRDA:135,11,1,12
BRDA:136,12,0,4
BRDA:136,12,1,8
BRDA:137,13,0,4
BRDA:137,13,1,4
BRF:28
BRH:25
end_of_record
TN:
SF:src\features\updater\ui\UpdateNotification.utils.ts
FN:6,isTauri
FN:10,compareVersions
FNF:2
FNH:1
FNDA:0,isTauri
FNDA:14,compareVersions
DA:1,1
DA:2,1
DA:3,1
DA:4,1
DA:7,0
DA:11,14
DA:12,14
DA:13,14
DA:14,33
DA:15,33
DA:16,33
DA:18,4
LF:12
LH:11
BRDA:7,0,0,0
BRDA:7,0,1,0
BRDA:14,1,0,33
BRDA:14,1,1,1
BRDA:15,2,0,33
BRDA:15,2,1,1
BRDA:16,3,0,10
BRDA:16,3,1,23
BRF:8
BRH:6
end_of_record
TN:
SF:src\shared\api\database.types.ts
FNF:0
FNH:0
LF:0
LH:0
BRF:0
BRH:0
end_of_record
TN:
SF:src\shared\api\index.ts
FNF:0
FNH:0
LF:0
LH:0
BRF:0
BRH:0
end_of_record
TN:
SF:src\shared\lib\storage.ts
FN:5,isTauri
FN:9,loadState
FN:20,saveState
FN:29,exportData
FN:34,importData
FN:41,clearData
FN:46,pickFileContent
FNF:7
FNH:5
FNDA:0,isTauri
FNDA:9,loadState
FNDA:7,saveState
FNDA:2,exportData
FNDA:3,importData
FNDA:3,clearData
FNDA:0,pickFileContent
DA:3,1
DA:6,0
DA:10,9
DA:11,9
DA:12,9
DA:13,9
DA:14,6
DA:16,1
DA:21,7
DA:22,7
DA:23,7
DA:25,1
DA:30,2
DA:31,2
DA:35,3
DA:36,3
DA:37,3
DA:38,3
DA:42,3
DA:43,3
DA:47,0
DA:48,0
DA:49,0
DA:50,0
DA:51,0
DA:54,0
DA:55,0
DA:61,0
LF:28
LH:19
BRDA:6,0,0,0
BRDA:6,0,1,0
BRDA:10,1,0,0
BRDA:10,1,1,9
BRDA:13,2,0,3
BRDA:13,2,1,6
BRDA:21,3,0,0
BRDA:21,3,1,7
BRDA:42,4,0,0
BRDA:42,4,1,3
BRDA:47,5,0,0
BRDA:47,5,1,0
BRDA:54,6,0,0
BRDA:54,6,1,0
BRF:14
BRH:5
end_of_record
TN:
SF:src\shared\types\index.ts
FNF:0
FNH:0
DA:18,25
DA:72,25
DA:109,25
LF:3
LH:3
BRF:0
BRH:0
end_of_record
TN:
SF:src\shared\ui\Badge.tsx
FN:9,(anonymous_0)
FN:41,(anonymous_1)
FN:43,(anonymous_2)
FN:44,(anonymous_3)
FN:50,(anonymous_4)
FN:52,(anonymous_5)
FN:59,Badge
FNF:7
FNH:7
FNDA:6,(anonymous_0)
FNDA:6,(anonymous_1)
FNDA:6,(anonymous_2)
FNDA:6,(anonymous_3)
FNDA:6,(anonymous_4)
FNDA:6,(anonymous_5)
FNDA:6,Badge
DA:1,7
DA:9,7
DA:10,6
DA:12,1
DA:18,1
DA:24,1
DA:30,3
DA:38,7
DA:41,6
DA:43,6
DA:44,6
DA:50,6
DA:52,6
DA:60,6
LF:14
LH:14
BRDA:10,0,0,1
BRDA:10,0,1,1
BRDA:10,0,2,1
BRDA:10,0,3,3
BRDA:59,1,0,6
BRF:5
BRH:5
end_of_record
TN:
SF:src\shared\ui\Button.tsx
FN:21,(anonymous_0)
FN:44,(anonymous_1)
FN:115,(anonymous_2)
FN:116,(anonymous_3)
FN:119,(anonymous_4)
FN:122,(anonymous_5)
FN:123,(anonymous_6)
FN:124,(anonymous_7)
FN:125,(anonymous_8)
FN:126,(anonymous_9)
FN:127,(anonymous_10)
FN:128,(anonymous_11)
FN:130,(anonymous_12)
FN:131,(anonymous_13)
FN:132,(anonymous_14)
FN:134,(anonymous_15)
FN:150,(anonymous_16)
FN:164,(anonymous_17)
FN:176,Button
FNF:19
FNH:19
FNDA:89,(anonymous_0)
FNDA:89,(anonymous_1)
FNDA:89,(anonymous_2)
FNDA:89,(anonymous_3)
FNDA:89,(anonymous_4)
FNDA:89,(anonymous_5)
FNDA:89,(anonymous_6)
FNDA:89,(anonymous_7)
FNDA:89,(anonymous_8)
FNDA:89,(anonymous_9)
FNDA:89,(anonymous_10)
FNDA:89,(anonymous_11)
FNDA:89,(anonymous_12)
FNDA:89,(anonymous_13)
FNDA:89,(anonymous_14)
FNDA:89,(anonymous_15)
FNDA:89,(anonymous_16)
FNDA:4,(anonymous_17)
FNDA:89,Button
DA:1,8
DA:21,8
DA:22,89
DA:24,0
DA:30,29
DA:36,60
DA:44,8
DA:45,89
DA:47,74
DA:61,11
DA:76,0
DA:91,4
DA:107,8
DA:115,89
DA:116,89
DA:119,89
DA:122,89
DA:123,89
DA:124,89
DA:125,89
DA:126,89
DA:127,89
DA:128,89
DA:130,89
DA:131,89
DA:132,89
DA:134,89
DA:150,89
DA:155,8
DA:161,8
DA:164,4
DA:176,8
DA:189,89
DA:191,89
LF:34
LH:32
BRDA:22,0,0,0
BRDA:22,0,1,29
BRDA:22,0,2,60
BRDA:45,1,0,74
BRDA:45,1,1,11
BRDA:45,1,2,0
BRDA:45,1,3,4
BRDA:132,2,0,30
BRDA:132,2,1,59
BRDA:178,3,0,89
BRDA:179,4,0,89
BRDA:180,5,0,89
BRDA:181,6,0,89
BRDA:182,7,0,89
BRDA:184,8,0,89
BRDA:189,9,0,89
BRDA:189,9,1,80
BRDA:199,10,0,89
BRDA:199,10,1,85
BRDA:202,11,0,4
BRDA:202,11,1,85
BRF:21
BRH:19
end_of_record
TN:
SF:src\shared\ui\Card.tsx
FN:7,(anonymous_0)
FN:8,(anonymous_1)
FN:9,(anonymous_2)
FN:12,(anonymous_3)
FN:13,(anonymous_4)
FN:14,(anonymous_5)
FN:16,(anonymous_6)
FN:33,(anonymous_7)
FN:34,(anonymous_8)
FN:34,(anonymous_9)
FN:35,(anonymous_10)
FN:41,(anonymous_11)
FN:47,(anonymous_12)
FN:50,(anonymous_13)
FN:56,(anonymous_14)
FN:58,(anonymous_15)
FN:66,(anonymous_16)
FN:70,(anonymous_17)
FN:85,Card
FNF:19
FNH:19
FNDA:7,(anonymous_0)
FNDA:7,(anonymous_1)
FNDA:7,(anonymous_2)
FNDA:7,(anonymous_3)
FNDA:7,(anonymous_4)
FNDA:7,(anonymous_5)
FNDA:7,(anonymous_6)
FNDA:4,(anonymous_7)
FNDA:4,(anonymous_8)
FNDA:4,(anonymous_9)
FNDA:4,(anonymous_10)
FNDA:4,(anonymous_11)
FNDA:4,(anonymous_12)
FNDA:4,(anonymous_13)
FNDA:1,(anonymous_14)
FNDA:1,(anonymous_15)
FNDA:1,(anonymous_16)
FNDA:7,(anonymous_17)
FNDA:7,Card
DA:1,7
DA:6,7
DA:7,7
DA:8,7
DA:9,7
DA:12,7
DA:13,7
DA:14,7
DA:17,7
DA:29,7
DA:33,4
DA:34,4
DA:35,4
DA:38,7
DA:41,4
DA:45,7
DA:47,4
DA:50,4
DA:54,7
DA:56,1
DA:58,1
DA:62,7
DA:66,1
DA:69,7
DA:70,7
DA:94,7
DA:95,7
DA:97,7
LF:28
LH:28
BRDA:17,0,0,7
BRDA:17,0,1,0
BRDA:70,1,0,4
BRDA:70,1,1,3
BRDA:89,2,0,7
BRDA:94,3,0,7
BRDA:94,3,1,3
BRDA:94,3,2,3
BRDA:95,4,0,7
BRDA:95,4,1,7
BRDA:99,5,0,4
BRDA:99,5,1,3
BRDA:102,6,0,4
BRDA:102,6,1,0
BRDA:103,7,0,1
BRDA:103,7,1,3
BRDA:105,8,0,1
BRDA:105,8,1,3
BRF:18
BRH:16
end_of_record
TN:
SF:src\shared\ui\Checkbox.tsx
FN:9,(anonymous_0)
FN:32,(anonymous_1)
FN:34,(anonymous_2)
FN:36,(anonymous_3)
FN:39,(anonymous_4)
FN:40,(anonymous_5)
FN:43,(anonymous_6)
FN:44,(anonymous_7)
FN:49,(anonymous_8)
FN:51,(anonymous_9)
FN:60,Checkbox
FNF:11
FNH:11
FNDA:34,(anonymous_0)
FNDA:34,(anonymous_1)
FNDA:34,(anonymous_2)
FNDA:34,(anonymous_3)
FNDA:34,(anonymous_4)
FNDA:34,(anonymous_5)
FNDA:34,(anonymous_6)
FNDA:34,(anonymous_7)
FNDA:34,(anonymous_8)
FNDA:34,(anonymous_9)
FNDA:34,Checkbox
DA:1,7
DA:6,7
DA:9,34
DA:19,7
DA:25,7
DA:32,34
DA:35,34
DA:37,34
DA:39,34
DA:40,34
DA:43,34
DA:44,34
DA:48,7
DA:49,34
DA:51,34
DA:59,7
DA:61,34
DA:62,34
DA:64,34
LF:19
LH:19
BRDA:35,0,0,2
BRDA:35,0,1,32
BRDA:37,1,0,2
BRDA:37,1,1,32
BRDA:43,2,0,2
BRDA:43,2,1,32
BRDA:60,3,0,34
BRDA:62,4,0,34
BRDA:62,4,1,34
BRDA:65,5,0,34
BRDA:65,5,1,33
BRDA:88,6,0,34
BRDA:88,6,1,0
BRF:13
BRH:12
end_of_record
TN:
SF:src\shared\ui\FilterChip.tsx
FN:8,(anonymous_0)
FN:13,(anonymous_1)
FN:15,(anonymous_2)
FN:17,(anonymous_3)
FN:19,(anonymous_4)
FN:23,(anonymous_5)
FN:24,(anonymous_6)
FN:27,(anonymous_7)
FNF:8
FNH:8
FNDA:4,(anonymous_0)
FNDA:4,(anonymous_1)
FNDA:4,(anonymous_2)
FNDA:4,(anonymous_3)
FNDA:4,(anonymous_4)
FNDA:4,(anonymous_5)
FNDA:4,(anonymous_6)
FNDA:4,(anonymous_7)
DA:1,7
DA:5,7
DA:8,4
DA:13,4
DA:16,4
DA:18,4
DA:20,4
DA:23,4
DA:24,4
DA:27,4
LF:10
LH:10
BRDA:16,0,0,1
BRDA:16,0,1,3
BRDA:18,1,0,1
BRDA:18,1,1,3
BRDA:20,2,0,1
BRDA:20,2,1,3
BRF:6
BRH:6
end_of_record
TN:
SF:src\shared\ui\GuidanceBanner.tsx
FN:28,(anonymous_0)
FN:29,(anonymous_1)
FN:30,(anonymous_2)
FN:31,(anonymous_3)
FN:32,(anonymous_4)
FN:35,(anonymous_5)
FN:36,(anonymous_6)
FN:37,(anonymous_7)
FN:89,isDismissed
FN:98,dismiss
FN:104,scrollToHash
FN:117,GuidanceBanner
FN:126,(anonymous_12)
FN:128,(anonymous_13)
FN:133,(anonymous_14)
FN:142,(anonymous_15)
FNF:16
FNH:14
FNDA:37,(anonymous_0)
FNDA:37,(anonymous_1)
FNDA:37,(anonymous_2)
FNDA:37,(anonymous_3)
FNDA:37,(anonymous_4)
FNDA:37,(anonymous_5)
FNDA:37,(anonymous_6)
FNDA:37,(anonymous_7)
FNDA:10,isDismissed
FNDA:2,dismiss
FNDA:0,scrollToHash
FNDA:40,GuidanceBanner
FNDA:16,(anonymous_12)
FNDA:2,(anonymous_13)
FNDA:1,(anonymous_14)
FNDA:0,(anonymous_15)
DA:1,7
DA:19,7
DA:25,7
DA:28,37
DA:29,37
DA:30,37
DA:31,37
DA:32,37
DA:35,37
DA:36,37
DA:37,37
DA:50,7
DA:56,7
DA:61,7
DA:73,7
DA:90,10
DA:91,10
DA:92,10
DA:94,0
DA:99,2
DA:100,2
DA:105,0
DA:106,0
DA:108,0
DA:109,0
DA:110,0
DA:111,0
DA:113,0
DA:126,40
DA:128,40
DA:129,2
DA:130,2
DA:133,40
DA:135,1
DA:136,1
DA:137,1
DA:138,1
DA:140,0
DA:141,0
DA:142,0
DA:148,40
DA:150,37
DA:152,40
LF:43
LH:32
BRDA:90,0,0,0
BRDA:90,0,1,10
BRDA:106,1,0,0
BRDA:106,1,1,0
BRDA:109,2,0,0
BRDA:109,2,1,0
BRDA:119,3,0,40
BRDA:126,4,0,10
BRDA:126,4,1,6
BRDA:129,5,0,2
BRDA:129,5,1,0
BRDA:135,6,0,1
BRDA:135,6,1,0
BRDA:140,7,0,0
BRDA:140,7,1,0
BRDA:140,8,0,0
BRDA:140,8,1,0
BRDA:148,9,0,3
BRDA:148,9,1,37
BRDA:150,10,0,37
BRDA:150,10,1,37
BRDA:150,11,0,1
BRDA:150,11,1,36
BRDA:157,12,0,40
BRDA:157,12,1,31
BRDA:157,12,2,1
BRDA:157,12,3,31
BRDA:160,13,0,31
BRDA:160,13,1,1
BRDA:166,14,0,40
BRDA:166,14,1,31
BRF:31
BRH:20
end_of_record
TN:
SF:src\shared\ui\HashLink.tsx
FN:11,scrollToHash
FN:24,HashLink
FN:25,(anonymous_2)
FN:29,(anonymous_3)
FNF:4
FNH:2
FNDA:0,scrollToHash
FNDA:32,HashLink
FNDA:1,(anonymous_2)
FNDA:0,(anonymous_3)
DA:1,7
DA:12,0
DA:13,0
DA:15,0
DA:16,0
DA:17,0
DA:18,0
DA:20,0
DA:25,32
DA:26,1
DA:27,1
DA:28,1
DA:29,1
DA:33,32
LF:14
LH:7
BRDA:13,0,0,0
BRDA:13,0,1,0
BRDA:16,1,0,0
BRDA:16,1,1,0
BRDA:26,2,0,1
BRDA:26,2,1,0
BRDA:26,3,0,0
BRDA:26,3,1,0
BRDA:27,4,0,1
BRDA:27,4,1,0
BRF:10
BRH:2
end_of_record
TN:
SF:src\shared\ui\Icon.tsx
FN:264,Icon
FNF:1
FNH:1
FNDA:154,Icon
DA:1,7
DA:5,7
DA:40,7
DA:265,154
LF:4
LH:4
BRDA:264,0,0,154
BRF:1
BRH:1
end_of_record
TN:
SF:src\shared\ui\Input.tsx
FN:9,(anonymous_0)
FN:14,(anonymous_1)
FN:17,(anonymous_2)
FN:24,(anonymous_3)
FN:25,(anonymous_4)
FN:27,(anonymous_5)
FN:29,(anonymous_6)
FN:30,(anonymous_7)
FN:33,(anonymous_8)
FN:36,(anonymous_9)
FN:45,(anonymous_10)
FN:46,(anonymous_11)
FN:57,(anonymous_12)
FN:61,(anonymous_13)
FN:63,(anonymous_14)
FN:69,(anonymous_15)
FN:79,(anonymous_16)
FN:81,(anonymous_17)
FN:93,(anonymous_18)
FN:95,(anonymous_19)
FN:98,Input
FNF:21
FNH:19
FNDA:52,(anonymous_0)
FNDA:52,(anonymous_1)
FNDA:52,(anonymous_2)
FNDA:52,(anonymous_3)
FNDA:52,(anonymous_4)
FNDA:52,(anonymous_5)
FNDA:52,(anonymous_6)
FNDA:52,(anonymous_7)
FNDA:52,(anonymous_8)
FNDA:52,(anonymous_9)
FNDA:0,(anonymous_10)
FNDA:0,(anonymous_11)
FNDA:52,(anonymous_12)
FNDA:52,(anonymous_13)
FNDA:52,(anonymous_14)
FNDA:52,(anonymous_15)
FNDA:4,(anonymous_16)
FNDA:4,(anonymous_17)
FNDA:28,(anonymous_18)
FNDA:28,(anonymous_19)
FNDA:52,Input
DA:1,7
DA:6,7
DA:9,52
DA:13,7
DA:14,52
DA:17,52
DA:20,7
DA:24,52
DA:25,52
DA:27,52
DA:29,52
DA:30,52
DA:34,52
DA:36,52
DA:40,7
DA:45,0
DA:46,0
DA:54,7
DA:58,52
DA:61,52
DA:63,52
DA:69,52
DA:78,7
DA:79,4
DA:81,4
DA:92,7
DA:93,28
DA:95,28
DA:98,7
DA:102,52
DA:103,52
DA:104,52
DA:106,52
LF:33
LH:31
BRDA:27,0,0,4
BRDA:27,0,1,48
BRDA:34,1,0,4
BRDA:34,1,1,48
BRDA:36,2,0,4
BRDA:36,2,1,48
BRDA:59,3,0,0
BRDA:59,3,1,52
BRDA:103,4,0,52
BRDA:103,4,1,0
BRDA:103,4,2,0
BRDA:108,5,0,52
BRDA:108,5,1,0
BRDA:110,6,0,0
BRDA:110,6,1,52
BRDA:116,7,0,52
BRDA:116,7,1,48
BRDA:117,8,0,4
BRDA:117,8,1,48
BRDA:117,9,0,28
BRDA:117,9,1,20
BRDA:121,10,0,4
BRDA:121,10,1,48
BRDA:125,11,0,28
BRDA:125,11,1,20
BRF:25
BRH:20
end_of_record
TN:
SF:src\shared\ui\Layout.tsx
FN:9,(anonymous_0)
FN:11,(anonymous_1)
FN:12,(anonymous_2)
FN:15,(anonymous_3)
FN:16,(anonymous_4)
FN:26,(anonymous_5)
FN:27,(anonymous_6)
FN:32,(anonymous_7)
FN:35,(anonymous_8)
FN:40,(anonymous_9)
FN:42,(anonymous_10)
FN:46,(anonymous_11)
FN:47,(anonymous_12)
FN:48,(anonymous_13)
FN:49,(anonymous_14)
FN:50,(anonymous_15)
FN:52,(anonymous_16)
FN:53,(anonymous_17)
FN:54,(anonymous_18)
FN:59,(anonymous_19)
FN:60,(anonymous_20)
FN:63,(anonymous_21)
FN:67,(anonymous_22)
FN:68,(anonymous_23)
FN:70,(anonymous_24)
FN:76,(anonymous_25)
FNF:26
FNH:26
FNDA:29,(anonymous_0)
FNDA:29,(anonymous_1)
FNDA:29,(anonymous_2)
FNDA:29,(anonymous_3)
FNDA:29,(anonymous_4)
FNDA:29,(anonymous_5)
FNDA:29,(anonymous_6)
FNDA:29,(anonymous_7)
FNDA:29,(anonymous_8)
FNDA:29,(anonymous_9)
FNDA:29,(anonymous_10)
FNDA:4,(anonymous_11)
FNDA:4,(anonymous_12)
FNDA:4,(anonymous_13)
FNDA:4,(anonymous_14)
FNDA:4,(anonymous_15)
FNDA:4,(anonymous_16)
FNDA:4,(anonymous_17)
FNDA:4,(anonymous_18)
FNDA:4,(anonymous_19)
FNDA:4,(anonymous_20)
FNDA:4,(anonymous_21)
FNDA:4,(anonymous_22)
FNDA:4,(anonymous_23)
FNDA:4,(anonymous_24)
FNDA:33,(anonymous_25)
DA:1,6
DA:5,6
DA:9,29
DA:11,29
DA:12,29
DA:15,29
DA:16,29
DA:20,6
DA:26,29
DA:27,29
DA:30,6
DA:32,29
DA:35,29
DA:38,6
DA:40,29
DA:42,29
DA:45,6
DA:46,4
DA:47,4
DA:48,4
DA:49,4
DA:50,4
DA:52,4
DA:53,4
DA:54,4
DA:58,6
DA:59,4
DA:60,4
DA:63,4
DA:66,6
DA:67,4
DA:68,4
DA:70,4
DA:74,6
DA:76,33
LF:35
LH:35
BRF:0
BRH:0
end_of_record
TN:
SF:src\shared\ui\Modal.tsx
FN:33,(anonymous_0)
FN:36,(anonymous_1)
FN:46,(anonymous_2)
FN:47,(anonymous_3)
FN:48,(anonymous_4)
FN:49,(anonymous_5)
FN:50,(anonymous_6)
FN:59,(anonymous_7)
FN:60,(anonymous_8)
FN:61,(anonymous_9)
FN:62,(anonymous_10)
FN:67,(anonymous_11)
FN:70,(anonymous_12)
FN:72,(anonymous_13)
FN:77,(anonymous_14)
FN:78,(anonymous_15)
FN:85,(anonymous_16)
FN:88,(anonymous_17)
FN:91,(anonymous_18)
FN:94,(anonymous_19)
FN:95,(anonymous_20)
FN:98,(anonymous_21)
FN:99,(anonymous_22)
FN:103,(anonymous_23)
FN:109,(anonymous_24)
FN:111,(anonymous_25)
FN:113,(anonymous_26)
FN:127,Modal
FN:135,(anonymous_28)
FN:137,(anonymous_29)
FN:143,(anonymous_30)
FN:154,(anonymous_31)
FNF:32
FNH:32
FNDA:5,(anonymous_0)
FNDA:5,(anonymous_1)
FNDA:5,(anonymous_2)
FNDA:5,(anonymous_3)
FNDA:5,(anonymous_4)
FNDA:5,(anonymous_5)
FNDA:5,(anonymous_6)
FNDA:5,(anonymous_7)
FNDA:5,(anonymous_8)
FNDA:5,(anonymous_9)
FNDA:5,(anonymous_10)
FNDA:3,(anonymous_11)
FNDA:3,(anonymous_12)
FNDA:3,(anonymous_13)
FNDA:5,(anonymous_14)
FNDA:5,(anonymous_15)
FNDA:5,(anonymous_16)
FNDA:5,(anonymous_17)
FNDA:5,(anonymous_18)
FNDA:5,(anonymous_19)
FNDA:5,(anonymous_20)
FNDA:5,(anonymous_21)
FNDA:5,(anonymous_22)
FNDA:5,(anonymous_23)
FNDA:5,(anonymous_24)
FNDA:5,(anonymous_25)
FNDA:5,(anonymous_26)
FNDA:6,Modal
FNDA:6,(anonymous_28)
FNDA:1,(anonymous_29)
FNDA:5,(anonymous_30)
FNDA:2,(anonymous_31)
DA:1,7
DA:6,7
DA:15,7
DA:26,7
DA:33,5
DA:36,5
DA:39,7
DA:46,5
DA:47,5
DA:48,5
DA:49,5
DA:50,5
DA:54,7
DA:59,5
DA:60,5
DA:61,5
DA:62,5
DA:65,7
DA:67,3
DA:70,3
DA:72,3
DA:75,7
DA:77,5
DA:78,5
DA:85,5
DA:88,5
DA:91,5
DA:94,5
DA:95,5
DA:98,5
DA:99,5
DA:103,5
DA:108,7
DA:109,5
DA:111,5
DA:113,5
DA:135,6
DA:136,6
DA:137,5
DA:138,1
DA:140,5
DA:141,5
DA:142,5
DA:143,5
DA:144,5
DA:145,5
DA:149,6
DA:151,5
DA:155,2
LF:49
LH:49
BRDA:133,0,0,6
BRDA:136,1,0,1
BRDA:136,1,1,5
BRDA:138,2,0,1
BRDA:138,2,1,0
BRDA:149,3,0,1
BRDA:149,3,1,5
BRDA:155,4,0,1
BRDA:155,4,1,1
BRDA:161,5,0,3
BRDA:161,5,1,2
BRDA:165,6,0,3
BRDA:165,6,1,2
BRF:13
BRH:12
end_of_record
TN:
SF:src\shared\ui\Select.tsx
FN:9,(anonymous_0)
FN:14,(anonymous_1)
FN:17,(anonymous_2)
FN:23,(anonymous_3)
FN:24,(anonymous_4)
FN:26,(anonymous_5)
FN:28,(anonymous_6)
FN:29,(anonymous_7)
FN:32,(anonymous_8)
FN:35,(anonymous_9)
FN:42,(anonymous_10)
FN:44,(anonymous_11)
FN:46,(anonymous_12)
FN:61,(anonymous_13)
FN:68,(anonymous_14)
FN:72,(anonymous_15)
FN:74,(anonymous_16)
FN:83,Select
FNF:18
FNH:18
FNDA:4,(anonymous_0)
FNDA:4,(anonymous_1)
FNDA:4,(anonymous_2)
FNDA:4,(anonymous_3)
FNDA:4,(anonymous_4)
FNDA:4,(anonymous_5)
FNDA:4,(anonymous_6)
FNDA:4,(anonymous_7)
FNDA:4,(anonymous_8)
FNDA:4,(anonymous_9)
FNDA:4,(anonymous_10)
FNDA:4,(anonymous_11)
FNDA:4,(anonymous_12)
FNDA:4,(anonymous_13)
FNDA:4,(anonymous_14)
FNDA:1,(anonymous_15)
FNDA:1,(anonymous_16)
FNDA:4,Select
DA:1,7
DA:6,7
DA:9,4
DA:13,7
DA:14,4
DA:17,4
DA:20,7
DA:23,4
DA:24,4
DA:26,4
DA:28,4
DA:29,4
DA:33,4
DA:35,4
DA:39,7
DA:43,4
DA:44,4
DA:46,4
DA:58,7
DA:61,4
DA:68,4
DA:71,7
DA:72,1
DA:74,1
DA:83,7
DA:87,4
DA:88,4
DA:89,4
DA:91,4
LF:29
LH:29
BRDA:26,0,0,1
BRDA:26,0,1,3
BRDA:33,1,0,1
BRDA:33,1,1,3
BRDA:35,2,0,1
BRDA:35,2,1,3
BRDA:88,3,0,4
BRDA:88,3,1,0
BRDA:88,3,2,0
BRDA:93,4,0,4
BRDA:93,4,1,0
BRDA:99,5,0,4
BRDA:99,5,1,3
BRDA:100,6,0,1
BRDA:100,6,1,3
BRDA:107,7,0,1
BRDA:107,7,1,3
BRF:17
BRH:14
end_of_record
TN:
SF:src\shared\ui\Slider.tsx
FN:9,(anonymous_0)
FN:17,(anonymous_1)
FN:21,(anonymous_2)
FN:24,(anonymous_3)
FN:28,(anonymous_4)
FN:31,(anonymous_5)
FN:36,(anonymous_6)
FN:53,(anonymous_7)
FN:55,(anonymous_8)
FN:60,(anonymous_9)
FN:61,(anonymous_10)
FN:71,(anonymous_11)
FN:72,(anonymous_12)
FN:73,(anonymous_13)
FN:75,(anonymous_14)
FN:76,(anonymous_15)
FN:80,(anonymous_16)
FN:89,(anonymous_17)
FN:90,(anonymous_18)
FN:97,(anonymous_19)
FN:98,(anonymous_20)
FN:99,(anonymous_21)
FN:101,(anonymous_22)
FN:102,(anonymous_23)
FN:106,(anonymous_24)
FN:122,(anonymous_25)
FN:124,(anonymous_26)
FN:125,(anonymous_27)
FN:139,Slider
FN:152,(anonymous_29)
FN:154,(anonymous_30)
FN:164,(anonymous_31)
FNF:32
FNH:32
FNDA:9,(anonymous_0)
FNDA:9,(anonymous_1)
FNDA:8,(anonymous_2)
FNDA:8,(anonymous_3)
FNDA:9,(anonymous_4)
FNDA:9,(anonymous_5)
FNDA:9,(anonymous_6)
FNDA:9,(anonymous_7)
FNDA:9,(anonymous_8)
FNDA:9,(anonymous_9)
FNDA:9,(anonymous_10)
FNDA:9,(anonymous_11)
FNDA:9,(anonymous_12)
FNDA:9,(anonymous_13)
FNDA:9,(anonymous_14)
FNDA:9,(anonymous_15)
FNDA:9,(anonymous_16)
FNDA:9,(anonymous_17)
FNDA:9,(anonymous_18)
FNDA:9,(anonymous_19)
FNDA:9,(anonymous_20)
FNDA:9,(anonymous_21)
FNDA:9,(anonymous_22)
FNDA:9,(anonymous_23)
FNDA:9,(anonymous_24)
FNDA:9,(anonymous_25)
FNDA:9,(anonymous_26)
FNDA:9,(anonymous_27)
FNDA:9,Slider
FNDA:8,(anonymous_29)
FNDA:8,(anonymous_30)
FNDA:1,(anonymous_31)
DA:1,7
DA:6,7
DA:9,9
DA:13,7
DA:17,9
DA:20,7
DA:21,8
DA:24,8
DA:27,7
DA:28,9
DA:31,9
DA:34,7
DA:36,9
DA:39,7
DA:53,9
DA:55,9
DA:60,9
DA:61,9
DA:71,9
DA:72,9
DA:73,9
DA:75,9
DA:76,9
DA:80,9
DA:89,9
DA:90,9
DA:97,9
DA:98,9
DA:99,9
DA:101,9
DA:102,9
DA:106,9
DA:119,7
DA:122,9
DA:124,9
DA:125,9
DA:151,9
DA:152,9
DA:154,9
DA:155,8
DA:156,1
DA:160,9
DA:162,9
DA:164,9
DA:165,1
DA:166,1
DA:167,1
DA:170,9
DA:172,9
LF:49
LH:49
BRDA:141,0,0,9
BRDA:142,1,0,9
BRDA:152,2,0,8
BRDA:152,2,1,6
BRDA:152,3,0,8
BRDA:152,3,1,7
BRDA:155,4,0,1
BRDA:155,4,1,7
BRDA:155,5,0,8
BRDA:155,5,1,6
BRDA:156,6,0,1
BRDA:156,6,1,0
BRDA:160,7,0,2
BRDA:160,7,1,7
BRDA:162,8,0,1
BRDA:162,8,1,8
BRDA:166,9,0,1
BRDA:166,9,1,0
BRDA:170,10,0,9
BRDA:170,10,1,0
BRDA:175,11,0,8
BRDA:175,11,1,1
BRDA:183,12,0,2
BRDA:183,12,1,7
BRDA:184,13,0,2
BRDA:184,13,1,7
BRF:26
BRH:23
end_of_record
TN:
SF:src\shared\ui\Tabs.tsx
FN:14,useTabsContext
FN:25,(anonymous_1)
FN:32,(anonymous_2)
FN:33,(anonymous_3)
FN:38,(anonymous_4)
FN:40,(anonymous_5)
FN:43,(anonymous_6)
FN:47,(anonymous_7)
FN:50,(anonymous_8)
FN:51,(anonymous_9)
FN:52,(anonymous_10)
FN:55,(anonymous_11)
FN:56,(anonymous_12)
FN:57,(anonymous_13)
FN:57,(anonymous_14)
FN:65,(anonymous_15)
FN:67,(anonymous_16)
FN:86,(anonymous_17)
FN:89,(anonymous_18)
FN:100,Tabs
FN:102,(anonymous_20)
FN:109,(anonymous_21)
FN:124,TabList
FN:139,Tab
FN:156,(anonymous_24)
FN:169,TabPanel
FN:189,TabPanels
FNF:27
FNH:27
FNDA:42,useTabsContext
FNDA:7,(anonymous_1)
FNDA:7,(anonymous_2)
FNDA:7,(anonymous_3)
FNDA:21,(anonymous_4)
FNDA:21,(anonymous_5)
FNDA:21,(anonymous_6)
FNDA:21,(anonymous_7)
FNDA:21,(anonymous_8)
FNDA:21,(anonymous_9)
FNDA:21,(anonymous_10)
FNDA:21,(anonymous_11)
FNDA:21,(anonymous_12)
FNDA:21,(anonymous_13)
FNDA:21,(anonymous_14)
FNDA:21,(anonymous_15)
FNDA:21,(anonymous_16)
FNDA:7,(anonymous_17)
FNDA:7,(anonymous_18)
FNDA:7,Tabs
FNDA:2,(anonymous_20)
FNDA:7,(anonymous_21)
FNDA:7,TabList
FNDA:21,Tab
FNDA:2,(anonymous_24)
FNDA:21,TabPanel
FNDA:7,TabPanels
DA:1,7
DA:12,7
DA:15,42
DA:16,42
DA:17,0
DA:19,42
DA:22,7
DA:25,7
DA:29,7
DA:32,7
DA:33,7
DA:36,7
DA:38,21
DA:40,21
DA:43,21
DA:47,21
DA:50,21
DA:51,21
DA:52,21
DA:55,21
DA:56,21
DA:57,21
DA:65,21
DA:67,21
DA:76,7
DA:80,7
DA:85,7
DA:86,7
DA:89,7
DA:101,7
DA:102,7
DA:104,2
DA:109,7
DA:111,7
DA:125,7
DA:140,21
DA:141,21
DA:142,21
DA:143,21
DA:145,21
DA:156,2
DA:170,21
DA:171,21
DA:172,21
DA:173,21
DA:175,21
DA:177,7
DA:190,7
LF:48
LH:47
BRDA:16,0,0,0
BRDA:16,0,1,42
BRDA:43,1,0,7
BRDA:43,1,1,14
BRDA:47,2,0,7
BRDA:47,2,1,14
BRDA:104,3,0,1
BRDA:104,3,1,1
BRDA:152,4,0,7
BRDA:152,4,1,14
BRDA:175,5,0,14
BRDA:175,5,1,7
BRF:12
BRH:11
end_of_record
TN:
SF:src\shared\ui\TextArea.tsx
FN:9,(anonymous_0)
FN:14,(anonymous_1)
FN:17,(anonymous_2)
FN:22,(anonymous_3)
FN:23,(anonymous_4)
FN:25,(anonymous_5)
FN:27,(anonymous_6)
FN:28,(anonymous_7)
FN:31,(anonymous_8)
FN:34,(anonymous_9)
FN:42,(anonymous_10)
FN:43,(anonymous_11)
FN:46,(anonymous_12)
FN:53,(anonymous_13)
FN:64,(anonymous_14)
FN:66,(anonymous_15)
FN:71,(anonymous_16)
FN:73,(anonymous_17)
FN:79,(anonymous_18)
FN:81,(anonymous_19)
FN:83,(anonymous_20)
FN:96,TextArea
FN:121,(anonymous_22)
FN:125,(anonymous_23)
FN:134,(anonymous_24)
FN:141,(anonymous_25)
FN:149,(anonymous_26)
FNF:27
FNH:27
FNDA:19,(anonymous_0)
FNDA:19,(anonymous_1)
FNDA:19,(anonymous_2)
FNDA:19,(anonymous_3)
FNDA:19,(anonymous_4)
FNDA:19,(anonymous_5)
FNDA:19,(anonymous_6)
FNDA:19,(anonymous_7)
FNDA:19,(anonymous_8)
FNDA:19,(anonymous_9)
FNDA:19,(anonymous_10)
FNDA:19,(anonymous_11)
FNDA:19,(anonymous_12)
FNDA:19,(anonymous_13)
FNDA:19,(anonymous_14)
FNDA:19,(anonymous_15)
FNDA:2,(anonymous_16)
FNDA:2,(anonymous_17)
FNDA:9,(anonymous_18)
FNDA:9,(anonymous_19)
FNDA:9,(anonymous_20)
FNDA:19,TextArea
FNDA:9,(anonymous_22)
FNDA:18,(anonymous_23)
FNDA:19,(anonymous_24)
FNDA:9,(anonymous_25)
FNDA:10,(anonymous_26)
DA:1,7
DA:6,7
DA:9,19
DA:13,7
DA:14,19
DA:17,19
DA:20,7
DA:22,19
DA:23,19
DA:25,19
DA:27,19
DA:28,19
DA:32,19
DA:34,19
DA:38,7
DA:42,19
DA:43,19
DA:46,19
DA:53,19
DA:62,7
DA:64,19
DA:66,19
DA:70,7
DA:71,2
DA:73,2
DA:78,7
DA:79,9
DA:81,9
DA:83,9
DA:96,7
DA:115,19
DA:116,19
DA:117,19
DA:118,19
DA:119,19
DA:120,19
DA:121,19
DA:122,9
DA:125,19
DA:127,18
DA:128,18
DA:129,18
DA:134,19
DA:135,19
DA:136,19
DA:137,0
DA:138,0
DA:141,19
DA:142,9
DA:145,19
DA:147,19
DA:149,19
DA:150,10
DA:151,10
DA:152,10
DA:155,19
LF:56
LH:54
BRDA:25,0,0,2
BRDA:25,0,1,17
BRDA:32,1,0,2
BRDA:32,1,1,17
BRDA:34,2,0,2
BRDA:34,2,1,17
BRDA:64,3,0,2
BRDA:64,3,1,17
BRDA:81,4,0,0
BRDA:81,4,1,9
BRDA:103,5,0,19
BRDA:110,6,0,19
BRDA:117,7,0,19
BRDA:117,7,1,0
BRDA:117,7,2,0
BRDA:119,8,0,19
BRDA:119,8,1,18
BRDA:122,9,0,0
BRDA:122,9,1,9
BRDA:128,10,0,0
BRDA:128,10,1,18
BRDA:129,11,0,0
BRDA:129,11,1,18
BRDA:136,12,0,19
BRDA:136,12,1,0
BRDA:136,13,0,19
BRDA:136,13,1,19
BRDA:145,14,0,1
BRDA:145,14,1,18
BRDA:145,15,0,19
BRDA:145,15,1,1
BRDA:147,16,0,19
BRDA:147,16,1,8
BRDA:150,17,0,10
BRDA:150,17,1,0
BRDA:157,18,0,19
BRDA:157,18,1,0
BRDA:168,19,0,19
BRDA:168,19,1,17
BRDA:170,20,0,19
BRDA:170,20,1,8
BRDA:170,21,0,2
BRDA:170,21,1,17
BRDA:170,22,0,9
BRDA:170,22,1,10
BRDA:176,23,0,0
BRDA:176,23,1,19
BRDA:182,24,0,2
BRDA:182,24,1,17
BRDA:187,25,0,8
BRDA:187,25,1,11
BRDA:187,26,0,19
BRDA:187,26,1,9
BRDA:191,27,0,1
BRDA:191,27,1,10
BRF:55
BRH:45
end_of_record
TN:
SF:src\shared\ui\index.ts
FNF:0
FNH:0
LF:0
LH:0
BRF:0
BRH:0
end_of_record
TN:
SF:src\widgets\app-shell\index.ts
FNF:0
FNH:0
LF:0
LH:0
BRF:0
BRH:0
end_of_record
TN:
SF:src\widgets\app-shell\ui\AppShell.types.ts
FNF:0
FNH:0
LF:0
LH:0
BRF:0
BRH:0
end_of_record
TN:
SF:src\widgets\app-shell\ui\AppShell.utils.ts
FN:1,(anonymous_0)
FN:2,(anonymous_1)
FN:3,(anonymous_2)
FNF:3
FNH:2
FNDA:3,(anonymous_0)
FNDA:0,(anonymous_1)
FNDA:1,(anonymous_2)
DA:1,2
DA:2,1
DA:3,1
LF:3
LH:3
BRF:0
BRH:0
end_of_record
TN:
SF:src\widgets\app-shell\ui\KeepAlivePages.utils.ts
FN:22,matchRoute
FNF:1
FNH:1
FNDA:9,matchRoute
DA:13,1
DA:23,9
DA:24,7
LF:3
LH:3
BRDA:23,0,0,2
BRDA:23,0,1,7
BRDA:23,1,0,2
BRDA:23,1,1,1
BRDA:24,2,0,7
BRDA:24,2,1,5
BRF:6
BRH:6
end_of_record
TN:
SF:src\widgets\sidebar\index.ts
FNF:0
FNH:0
LF:0
LH:0
BRF:0
BRH:0
end_of_record
TN:
SF:src\widgets\sidebar\ui\Sidebar.tsx
FN:35,Sidebar
FN:47,(anonymous_1)
FN:49,(anonymous_2)
FN:51,(anonymous_3)
FN:58,(anonymous_4)
FN:61,(anonymous_5)
FN:63,(anonymous_6)
FN:75,(anonymous_7)
FN:75,(anonymous_8)
FN:86,(anonymous_9)
FN:91,(anonymous_10)
FN:116,(anonymous_11)
FN:117,(anonymous_12)
FN:121,(anonymous_13)
FNF:14
FNH:7
FNDA:12,Sidebar
FNDA:0,(anonymous_1)
FNDA:12,(anonymous_2)
FNDA:0,(anonymous_3)
FNDA:3,(anonymous_4)
FNDA:3,(anonymous_5)
FNDA:0,(anonymous_6)
FNDA:0,(anonymous_7)
FNDA:0,(anonymous_8)
FNDA:72,(anonymous_9)
FNDA:0,(anonymous_10)
FNDA:0,(anonymous_11)
FNDA:1,(anonymous_12)
FNDA:1,(anonymous_13)
DA:1,1
DA:36,12
DA:37,12
DA:38,12
DA:39,12
DA:40,12
DA:42,12
DA:43,0
DA:44,0
DA:47,12
DA:49,12
DA:50,12
DA:51,3
DA:52,0
DA:53,0
DA:54,0
DA:57,3
DA:58,3
DA:61,12
DA:63,12
DA:64,0
DA:65,0
DA:66,0
DA:69,12
DA:75,0
DA:87,72
DA:92,0
DA:93,0
DA:116,0
DA:117,1
DA:121,1
LF:31
LH:19
BRDA:42,0,0,0
BRDA:42,0,1,12
BRDA:50,1,0,9
BRDA:50,1,1,3
BRDA:50,2,0,12
BRDA:50,2,1,12
BRDA:52,3,0,0
BRDA:52,3,1,0
BRDA:53,4,0,0
BRDA:53,4,1,0
BRDA:73,5,0,0
BRDA:73,5,1,12
BRDA:102,6,0,12
BRDA:102,6,1,12
BRDA:104,7,0,12
BRDA:104,7,1,12
BRDA:115,8,0,12
BRDA:115,8,1,3
BRF:18
BRH:12
end_of_record
TN:
SF:src\widgets\sidebar\ui\Sidebar.utils.ts
FN:12,isNavActive
FNF:1
FNH:1
FNDA:80,isNavActive
DA:3,2
DA:13,80
DA:14,66
DA:15,65
LF:4
LH:4
BRDA:13,0,0,14
BRDA:13,0,1,66
BRDA:14,1,0,1
BRDA:14,1,1,65
BRDA:14,2,0,66
BRDA:14,2,1,1
BRF:6
BRH:6
end_of_record
