TN:
SF:src\app\api\analytics\track\route.ts
FN:6,sendMixpanel
FN:40,POST
FNF:2
FNH:0
FNDA:0,sendMixpanel
FNDA:0,POST
DA:4,0
DA:12,0
DA:13,0
DA:15,0
DA:16,0
DA:29,0
DA:35,0
DA:36,0
DA:41,0
DA:42,0
DA:43,0
DA:44,0
DA:47,0
DA:48,0
DA:49,0
DA:50,0
DA:53,0
DA:54,0
DA:55,0
DA:56,0
DA:60,0
DA:61,0
DA:63,0
DA:66,0
DA:67,0
DA:68,0
DA:71,0
DA:72,0
DA:75,0
DA:81,0
DA:84,0
DA:86,0
LF:32
LH:0
BRDA:13,0,0,0
BRDA:13,0,1,0
BRDA:15,1,0,0
BRDA:15,1,1,0
BRDA:23,2,0,0
BRDA:23,2,1,0
BRDA:35,3,0,0
BRDA:35,3,1,0
BRDA:43,4,0,0
BRDA:43,4,1,0
BRDA:43,5,0,0
BRDA:43,5,1,0
BRDA:48,6,0,0
BRDA:48,6,1,0
BRDA:49,7,0,0
BRDA:49,7,1,0
BRDA:55,8,0,0
BRDA:55,8,1,0
BRDA:55,9,0,0
BRDA:55,9,1,0
BRDA:67,10,0,0
BRDA:67,10,1,0
BRDA:67,11,0,0
BRDA:67,11,1,0
BRDA:71,12,0,0
BRDA:71,12,1,0
BRDA:77,13,0,0
BRDA:77,13,1,0
BRDA:81,14,0,0
BRDA:81,14,1,0
BRDA:82,15,0,0
BRDA:82,15,1,0
BRF:32
BRH:0
end_of_record
TN:
SF:src\entities\ai-provider\index.ts
FNF:0
FNH:0
LF:0
LH:0
BRF:0
BRH:0
end_of_record
TN:
SF:src\entities\ai-provider\api\client.ts
FN:10,(anonymous_0)
FN:19,withRetry
FN:36,(anonymous_2)
FN:45,(anonymous_3)
FN:49,(anonymous_4)
FN:69,(anonymous_5)
FN:78,(anonymous_6)
FN:86,(anonymous_7)
FN:104,(anonymous_8)
FN:136,(anonymous_9)
FN:137,(anonymous_10)
FN:138,(anonymous_11)
FN:142,(anonymous_12)
FN:155,(anonymous_13)
FN:176,(anonymous_14)
FN:195,(anonymous_15)
FN:200,(anonymous_16)
FN:220,(anonymous_17)
FN:221,(anonymous_18)
FN:225,(anonymous_19)
FN:232,(anonymous_20)
FN:255,(anonymous_21)
FN:256,(anonymous_22)
FN:263,(anonymous_23)
FN:332,(anonymous_24)
FN:351,(anonymous_25)
FN:373,(anonymous_26)
FN:400,(anonymous_27)
FN:446,(anonymous_28)
FN:479,(anonymous_29)
FN:520,(anonymous_30)
FN:555,(anonymous_31)
FN:565,testConnection
FN:577,(anonymous_33)
FN:584,trialAnalyze
FN:594,(anonymous_35)
FN:595,(anonymous_36)
FN:616,(anonymous_37)
FN:656,(anonymous_38)
FNF:39
FNH:37
FNDA:0,(anonymous_0)
FNDA:9,withRetry
FNDA:0,(anonymous_2)
FNDA:38,(anonymous_3)
FNDA:33,(anonymous_4)
FNDA:5,(anonymous_5)
FNDA:6,(anonymous_6)
FNDA:4,(anonymous_7)
FNDA:1,(anonymous_8)
FNDA:33,(anonymous_9)
FNDA:10,(anonymous_10)
FNDA:9,(anonymous_11)
FNDA:25,(anonymous_12)
FNDA:9,(anonymous_13)
FNDA:9,(anonymous_14)
FNDA:8,(anonymous_15)
FNDA:8,(anonymous_16)
FNDA:6,(anonymous_17)
FNDA:6,(anonymous_18)
FNDA:1,(anonymous_19)
FNDA:1,(anonymous_20)
FNDA:2,(anonymous_21)
FNDA:2,(anonymous_22)
FNDA:2,(anonymous_23)
FNDA:8,(anonymous_24)
FNDA:3,(anonymous_25)
FNDA:5,(anonymous_26)
FNDA:9,(anonymous_27)
FNDA:4,(anonymous_28)
FNDA:5,(anonymous_29)
FNDA:11,(anonymous_30)
FNDA:1,(anonymous_31)
FNDA:2,testConnection
FNDA:2,(anonymous_33)
FNDA:10,trialAnalyze
FNDA:4,(anonymous_35)
FNDA:3,(anonymous_36)
FNDA:1,(anonymous_37)
FNDA:1,(anonymous_38)
DA:11,0
DA:12,0
DA:16,2
DA:17,2
DA:20,9
DA:21,9
DA:22,9
DA:25,2
DA:27,2
DA:28,2
DA:29,0
DA:33,2
DA:35,0
DA:36,0
DA:39,0
DA:46,38
DA:59,33
DA:60,33
DA:61,33
DA:63,33
DA:64,9
DA:66,24
DA:77,5
DA:78,6
DA:80,5
DA:81,4
DA:83,1
DA:92,4
DA:94,1
DA:96,1
DA:98,1
DA:100,1
DA:110,1
DA:118,1
DA:129,1
DA:130,0
DA:131,0
DA:133,1
DA:137,33
DA:138,33
DA:139,33
DA:143,25
DA:145,8
DA:147,3
DA:149,4
DA:151,10
DA:162,9
DA:164,1
DA:166,4
DA:168,4
DA:170,0
DA:177,9
DA:185,9
DA:186,1
DA:188,8
DA:191,9
DA:192,9
DA:200,8
DA:201,8
DA:212,8
DA:213,2
DA:214,2
DA:215,0
DA:217,2
DA:219,6
DA:220,6
DA:221,8
DA:232,1
DA:233,1
DA:244,1
DA:245,0
DA:246,0
DA:247,0
DA:249,0
DA:251,1
DA:256,2
DA:257,2
DA:258,2
DA:259,2
DA:260,2
DA:268,2
DA:269,2
DA:270,2
DA:271,2
DA:272,2
DA:274,2
DA:275,7
DA:276,7
DA:277,5
DA:278,5
DA:279,5
DA:280,7
DA:281,7
DA:282,5
DA:283,5
DA:284,4
DA:285,4
DA:287,4
DA:288,0
DA:289,0
DA:290,0
DA:291,0
DA:293,0
DA:296,4
DA:297,0
DA:298,0
DA:299,0
DA:300,0
DA:302,0
DA:305,0
DA:308,4
DA:309,3
DA:310,0
DA:311,0
DA:313,3
DA:314,3
DA:315,3
DA:319,0
DA:323,0
DA:327,2
DA:333,8
DA:339,8
DA:340,1
DA:341,1
DA:343,7
DA:344,7
DA:347,8
DA:348,8
DA:352,3
DA:356,3
DA:365,3
DA:366,0
DA:367,0
DA:369,3
DA:370,3
DA:380,5
DA:384,5
DA:393,5
DA:394,0
DA:395,0
DA:397,5
DA:405,9
DA:406,9
DA:407,9
DA:408,9
DA:409,9
DA:411,9
DA:412,31
DA:413,31
DA:414,22
DA:415,22
DA:416,22
DA:417,31
DA:418,22
DA:419,22
DA:420,22
DA:421,13
DA:422,13
DA:423,13
DA:424,22
DA:425,22
DA:426,2
DA:427,2
DA:429,12
DA:430,9
DA:431,9
DA:438,9
DA:444,38
DA:447,4
DA:451,4
DA:455,4
DA:456,1
DA:457,1
DA:459,3
DA:460,3
DA:462,4
DA:471,4
DA:472,1
DA:473,1
DA:475,3
DA:476,3
DA:486,5
DA:490,5
DA:495,5
DA:496,1
DA:497,1
DA:499,4
DA:500,4
DA:502,5
DA:511,5
DA:512,1
DA:513,1
DA:515,4
DA:521,11
DA:522,11
DA:524,9
DA:528,9
DA:542,9
DA:543,1
DA:544,1
DA:546,8
DA:547,8
DA:561,1
DA:566,2
DA:567,2
DA:568,2
DA:569,1
DA:571,1
DA:578,2
DA:579,2
DA:580,2
DA:594,10
DA:595,10
DA:597,10
DA:598,10
DA:600,10
DA:601,10
DA:602,10
DA:604,9
DA:605,9
DA:615,9
DA:616,4
DA:617,4
DA:618,1
DA:620,3
DA:624,5
DA:625,5
DA:626,5
DA:627,5
DA:628,5
DA:630,5
DA:631,17
DA:632,17
DA:633,12
DA:634,12
DA:635,12
DA:636,17
DA:637,12
DA:638,12
DA:639,12
DA:640,12
DA:641,12
DA:643,12
DA:644,2
DA:645,2
DA:647,2
DA:650,2
DA:653,12
DA:654,6
DA:655,1
DA:656,1
DA:657,1
DA:658,1
DA:660,6
DA:661,5
DA:662,5
DA:670,5
LF:257
LH:224
BRDA:19,0,0,9
BRDA:25,1,0,2
BRDA:25,1,1,2
BRDA:25,1,2,2
BRDA:27,2,0,2
BRDA:27,2,1,0
BRDA:27,3,0,2
BRDA:27,3,1,0
BRDA:28,4,0,0
BRDA:28,4,1,2
BRDA:28,5,0,2
BRDA:28,5,1,0
BRDA:63,6,0,9
BRDA:63,6,1,24
BRDA:80,7,0,4
BRDA:80,7,1,1
BRDA:92,8,0,1
BRDA:92,8,1,1
BRDA:92,8,2,1
BRDA:92,8,3,1
BRDA:129,9,0,0
BRDA:129,9,1,1
BRDA:143,10,0,8
BRDA:143,10,1,3
BRDA:143,10,2,4
BRDA:143,10,3,10
BRDA:162,11,0,1
BRDA:162,11,1,4
BRDA:162,11,2,4
BRDA:162,11,3,0
BRDA:176,12,0,9
BRDA:185,13,0,1
BRDA:185,13,1,8
BRDA:191,14,0,1
BRDA:191,14,1,8
BRDA:212,15,0,2
BRDA:212,15,1,6
BRDA:214,16,0,0
BRDA:214,16,1,2
BRDA:214,17,0,2
BRDA:214,17,1,2
BRDA:214,17,2,2
BRDA:220,18,0,6
BRDA:220,18,1,0
BRDA:221,19,0,8
BRDA:221,19,1,0
BRDA:244,20,0,0
BRDA:244,20,1,1
BRDA:246,21,0,0
BRDA:246,21,1,0
BRDA:246,22,0,0
BRDA:246,22,1,0
BRDA:246,22,2,0
BRDA:257,23,0,0
BRDA:257,23,1,2
BRDA:259,24,0,0
BRDA:259,24,1,2
BRDA:276,25,0,2
BRDA:276,25,1,5
BRDA:279,26,0,5
BRDA:279,26,1,5
BRDA:281,27,0,2
BRDA:281,27,1,5
BRDA:283,28,0,1
BRDA:283,28,1,4
BRDA:287,29,0,0
BRDA:287,29,1,4
BRDA:288,30,0,0
BRDA:288,30,1,0
BRDA:289,31,0,0
BRDA:289,31,1,0
BRDA:290,32,0,0
BRDA:290,32,1,0
BRDA:290,33,0,0
BRDA:290,33,1,0
BRDA:296,34,0,0
BRDA:296,34,1,4
BRDA:296,35,0,4
BRDA:296,35,1,0
BRDA:298,36,0,0
BRDA:298,36,1,0
BRDA:300,37,0,0
BRDA:300,37,1,0
BRDA:300,38,0,0
BRDA:300,38,1,0
BRDA:302,39,0,0
BRDA:302,39,1,0
BRDA:308,40,0,3
BRDA:308,40,1,1
BRDA:309,41,0,0
BRDA:309,41,1,3
BRDA:309,42,0,3
BRDA:309,42,1,0
BRDA:309,42,2,0
BRDA:313,43,0,3
BRDA:313,43,1,0
BRDA:319,44,0,0
BRDA:319,44,1,0
BRDA:320,45,0,0
BRDA:320,45,1,0
BRDA:320,45,2,0
BRDA:332,46,0,8
BRDA:339,47,0,1
BRDA:339,47,1,7
BRDA:347,48,0,5
BRDA:347,48,1,3
BRDA:365,49,0,0
BRDA:365,49,1,3
BRDA:370,50,0,3
BRDA:370,50,1,0
BRDA:393,51,0,0
BRDA:393,51,1,5
BRDA:413,52,0,9
BRDA:413,52,1,22
BRDA:416,53,0,22
BRDA:416,53,1,22
BRDA:418,54,0,0
BRDA:418,54,1,22
BRDA:420,55,0,9
BRDA:420,55,1,13
BRDA:424,56,0,22
BRDA:424,56,1,10
BRDA:425,57,0,2
BRDA:425,57,1,20
BRDA:425,58,0,22
BRDA:425,58,1,3
BRDA:429,59,0,9
BRDA:429,59,1,3
BRDA:455,60,0,1
BRDA:455,60,1,3
BRDA:471,61,0,1
BRDA:471,61,1,3
BRDA:476,62,0,3
BRDA:476,62,1,0
BRDA:495,63,0,1
BRDA:495,63,1,4
BRDA:511,64,0,1
BRDA:511,64,1,4
BRDA:522,65,0,2
BRDA:522,65,1,9
BRDA:532,66,0,8
BRDA:532,66,1,1
BRDA:542,67,0,1
BRDA:542,67,1,8
BRDA:548,68,0,8
BRDA:548,68,1,4
BRDA:548,68,2,2
BRDA:548,68,3,1
BRDA:602,69,0,1
BRDA:602,69,1,9
BRDA:615,70,0,4
BRDA:615,70,1,5
BRDA:617,71,0,1
BRDA:617,71,1,3
BRDA:620,72,0,3
BRDA:620,72,1,1
BRDA:632,73,0,5
BRDA:632,73,1,12
BRDA:635,74,0,12
BRDA:635,74,1,12
BRDA:637,75,0,0
BRDA:637,75,1,12
BRDA:639,76,0,0
BRDA:639,76,1,12
BRDA:643,77,0,2
BRDA:643,77,1,10
BRDA:643,78,0,12
BRDA:643,78,1,2
BRDA:645,79,0,2
BRDA:645,79,1,0
BRDA:645,80,0,2
BRDA:645,80,1,1
BRDA:647,81,0,1
BRDA:647,81,1,1
BRDA:653,82,0,6
BRDA:653,82,1,6
BRDA:654,83,0,1
BRDA:654,83,1,5
BRDA:654,84,0,6
BRDA:654,84,1,1
BRDA:654,84,2,1
BRDA:657,85,0,1
BRDA:657,85,1,0
BRDA:658,86,0,0
BRDA:658,86,1,1
BRDA:660,87,0,5
BRDA:660,87,1,1
BRF:187
BRH:132
end_of_record
TN:
SF:src\entities\analysis\index.ts
FNF:0
FNH:0
LF:0
LH:0
BRF:0
BRH:0
end_of_record
TN:
SF:src\entities\game\index.ts
FNF:0
FNH:0
LF:0
LH:0
BRF:0
BRH:0
end_of_record
TN:
SF:src\entities\game\lib\csv-parser.ts
FN:4,generateId
FN:8,parseCSV
FN:12,(anonymous_2)
FN:18,(anonymous_3)
FN:19,(anonymous_4)
FN:22,(anonymous_5)
FN:25,(anonymous_6)
FN:38,parseWithColumns
FN:45,(anonymous_8)
FN:47,(anonymous_9)
FN:49,(anonymous_10)
FN:80,parseJSON
FN:84,(anonymous_12)
FN:95,(anonymous_13)
FN:98,parsePlainText
FN:101,(anonymous_15)
FN:103,(anonymous_16)
FN:116,parseAnyFormat
FN:141,gamesToCSV
FN:142,(anonymous_19)
FNF:20
FNH:20
FNDA:26,generateId
FNDA:10,parseCSV
FNDA:45,(anonymous_2)
FNDA:22,(anonymous_3)
FNDA:12,(anonymous_4)
FNDA:22,(anonymous_5)
FNDA:18,(anonymous_6)
FNDA:8,parseWithColumns
FNDA:8,(anonymous_8)
FNDA:22,(anonymous_9)
FNDA:12,(anonymous_10)
FNDA:6,parseJSON
FNDA:6,(anonymous_12)
FNDA:6,(anonymous_13)
FNDA:4,parsePlainText
FNDA:9,(anonymous_15)
FNDA:8,(anonymous_16)
FNDA:5,parseAnyFormat
FNDA:1,gamesToCSV
FNDA:2,(anonymous_19)
DA:5,26
DA:9,10
DA:12,45
DA:15,10
DA:16,10
DA:18,22
DA:19,8
DA:20,12
DA:22,8
DA:23,22
DA:25,8
DA:26,18
DA:29,8
DA:30,2
DA:31,2
DA:32,2
DA:35,6
DA:44,8
DA:45,8
DA:46,8
DA:47,22
DA:49,12
DA:51,8
DA:53,8
DA:54,14
DA:55,14
DA:57,14
DA:58,14
DA:59,14
DA:61,14
DA:62,14
DA:63,2
DA:64,1
DA:66,2
DA:69,12
DA:77,8
DA:81,6
DA:82,6
DA:83,6
DA:84,6
DA:95,6
DA:99,4
DA:101,9
DA:103,4
DA:104,8
DA:105,8
DA:106,4
DA:112,4
DA:117,5
DA:118,5
DA:119,2
DA:120,2
DA:125,4
DA:131,1
DA:132,1
DA:134,3
DA:135,1
DA:136,1
DA:138,2
DA:142,2
DA:147,1
LF:61
LH:61
BRDA:16,0,0,2
BRDA:16,0,1,8
BRDA:29,1,0,2
BRDA:29,1,1,6
BRDA:31,2,0,0
BRDA:31,2,1,2
BRDA:32,3,0,2
BRDA:32,3,1,0
BRDA:32,4,0,2
BRDA:32,4,1,0
BRDA:35,5,0,6
BRDA:35,5,1,0
BRDA:35,6,0,10
BRDA:35,6,1,2
BRDA:45,7,0,8
BRDA:45,7,1,0
BRDA:46,8,0,8
BRDA:46,8,1,0
BRDA:47,9,0,8
BRDA:47,9,1,0
BRDA:49,10,0,6
BRDA:49,10,1,2
BRDA:49,11,0,6
BRDA:49,11,1,0
BRDA:55,12,0,0
BRDA:55,12,1,14
BRDA:57,13,0,14
BRDA:57,13,1,0
BRDA:58,14,0,11
BRDA:58,14,1,3
BRDA:59,15,0,12
BRDA:59,15,1,2
BRDA:59,16,0,12
BRDA:59,16,1,9
BRDA:62,17,0,2
BRDA:62,17,1,12
BRDA:63,18,0,1
BRDA:63,18,1,1
BRDA:63,19,0,2
BRDA:63,19,1,1
BRDA:63,19,2,1
BRDA:73,20,0,1
BRDA:73,20,1,11
BRDA:82,21,0,4
BRDA:82,21,1,1
BRDA:82,22,0,1
BRDA:82,22,1,0
BRDA:82,22,2,0
BRDA:86,23,0,6
BRDA:86,23,1,0
BRDA:86,23,2,0
BRDA:86,23,3,0
BRDA:87,24,0,0
BRDA:87,24,1,6
BRDA:89,25,0,4
BRDA:89,25,1,2
BRDA:89,26,0,6
BRDA:89,26,1,4
BRDA:89,26,2,4
BRDA:91,27,0,1
BRDA:91,27,1,1
BRDA:91,28,0,2
BRDA:91,28,1,1
BRDA:91,28,2,1
BRDA:105,29,0,4
BRDA:105,29,1,4
BRDA:118,30,0,2
BRDA:118,30,1,3
BRDA:118,31,0,5
BRDA:118,31,1,4
BRDA:125,32,0,1
BRDA:125,32,1,3
BRDA:126,33,0,4
BRDA:126,33,1,2
BRDA:126,33,2,1
BRDA:126,33,3,1
BRDA:132,34,0,1
BRDA:132,34,1,0
BRDA:134,35,0,1
BRDA:134,35,1,2
BRDA:136,36,0,1
BRDA:136,36,1,0
BRDA:144,37,0,2
BRDA:144,37,1,1
BRDA:145,38,0,1
BRDA:145,38,1,1
BRF:86
BRH:68
end_of_record
TN:
SF:src\features\analyze-game\index.ts
FNF:0
FNH:0
LF:0
LH:0
BRF:0
BRH:0
end_of_record
TN:
SF:src\features\analyze-game\lib\response-parser.ts
FN:19,normalizeKey
FN:26,parseResponseSections
FN:52,extractMetrics
FN:63,(anonymous_3)
FN:109,(anonymous_4)
FN:111,(anonymous_5)
FN:127,computeTargetPrice
FN:155,formatPriceValue
FN:173,getSectionType
FN:187,isKnownSection
FN:205,isInternalSection
FN:206,(anonymous_11)
FNF:12
FNH:12
FNDA:8,normalizeKey
FNDA:7,parseResponseSections
FNDA:13,extractMetrics
FNDA:12,(anonymous_3)
FNDA:1,(anonymous_4)
FNDA:1,(anonymous_5)
FNDA:76,computeTargetPrice
FNDA:73,formatPriceValue
FNDA:11,getSectionType
FNDA:14,isKnownSection
FNDA:10,isInternalSection
FNDA:56,(anonymous_11)
DA:20,8
DA:27,7
DA:28,7
DA:30,7
DA:31,2
DA:34,7
DA:35,8
DA:36,8
DA:37,8
DA:38,1
DA:40,7
DA:41,7
DA:45,7
DA:49,7
DA:53,13
DA:63,13
DA:64,13
DA:65,1
DA:68,13
DA:69,13
DA:70,6
DA:73,6
DA:74,1
DA:75,1
DA:77,5
DA:78,5
DA:81,6
DA:84,6
DA:85,6
DA:86,1
DA:87,1
DA:89,0
DA:90,0
DA:95,13
DA:96,3
DA:97,2
DA:98,1
DA:101,13
DA:102,2
DA:106,13
DA:107,1
DA:109,1
DA:111,1
DA:115,1
DA:119,13
DA:134,76
DA:135,76
DA:136,73
DA:138,76
DA:139,76
DA:141,76
DA:142,1
DA:145,76
DA:147,76
DA:148,73
DA:150,70
DA:151,70
DA:152,70
DA:156,73
DA:159,3
DA:176,11
DA:177,9
DA:178,8
DA:179,7
DA:180,6
DA:181,5
DA:182,4
DA:183,3
DA:184,2
DA:188,14
DA:189,98
DA:191,2
DA:194,3
DA:206,56
LF:74
LH:72
BRDA:30,0,0,2
BRDA:30,0,1,5
BRDA:37,1,0,1
BRDA:37,1,1,7
BRDA:64,2,0,1
BRDA:64,2,1,12
BRDA:64,3,0,13
BRDA:64,3,1,1
BRDA:69,4,0,6
BRDA:69,4,1,7
BRDA:73,5,0,1
BRDA:73,5,1,5
BRDA:78,6,0,5
BRDA:78,6,1,0
BRDA:84,7,0,5
BRDA:84,7,1,1
BRDA:85,8,0,1
BRDA:85,8,1,5
BRDA:87,9,0,1
BRDA:87,9,1,0
BRDA:90,10,0,0
BRDA:90,10,1,0
BRDA:95,11,0,3
BRDA:95,11,1,10
BRDA:96,12,0,1
BRDA:96,12,1,2
BRDA:97,13,0,1
BRDA:97,13,1,1
BRDA:98,14,0,1
BRDA:98,14,1,0
BRDA:101,15,0,2
BRDA:101,15,1,11
BRDA:102,16,0,2
BRDA:102,16,1,1
BRDA:106,17,0,1
BRDA:106,17,1,12
BRDA:115,18,0,1
BRDA:115,18,1,0
BRDA:135,19,0,3
BRDA:135,19,1,73
BRDA:136,20,0,4
BRDA:136,20,1,69
BRDA:138,21,0,76
BRDA:138,21,1,0
BRDA:139,22,0,1
BRDA:139,22,1,75
BRDA:139,23,0,76
BRDA:139,23,1,74
BRDA:139,23,2,2
BRDA:141,24,0,1
BRDA:141,24,1,75
BRDA:141,25,0,76
BRDA:141,25,1,2
BRDA:147,26,0,3
BRDA:147,26,1,73
BRDA:148,27,0,3
BRDA:148,27,1,70
BRDA:176,28,0,2
BRDA:176,28,1,9
BRDA:176,29,0,11
BRDA:176,29,1,10
BRDA:177,30,0,1
BRDA:177,30,1,8
BRDA:178,31,0,1
BRDA:178,31,1,7
BRDA:179,32,0,1
BRDA:179,32,1,6
BRDA:180,33,0,1
BRDA:180,33,1,5
BRDA:181,34,0,1
BRDA:181,34,1,4
BRDA:182,35,0,1
BRDA:182,35,1,3
BRDA:183,36,0,1
BRDA:183,36,1,2
BRDA:189,37,0,12
BRDA:189,37,1,86
BRF:77
BRH:70
end_of_record
TN:
SF:src\features\analyze-game\model\session-cache.ts
FN:16,(anonymous_0)
FN:17,(anonymous_1)
FN:18,(anonymous_2)
FNF:3
FNH:3
FNDA:36,(anonymous_0)
FNDA:27,(anonymous_1)
FNDA:8,(anonymous_2)
DA:11,3
DA:13,3
DA:15,3
DA:16,36
DA:17,27
DA:18,8
LF:6
LH:6
BRF:0
BRH:0
end_of_record
TN:
SF:src\features\analyze-game\ui\AnalyzeForm.tsx
FN:28,AnalyzeForm
FN:37,(anonymous_1)
FN:53,(anonymous_2)
FN:79,(anonymous_3)
FN:100,(anonymous_4)
FNF:5
FNH:5
FNDA:29,AnalyzeForm
FNDA:8,(anonymous_1)
FNDA:3,(anonymous_2)
FNDA:14,(anonymous_3)
FNDA:4,(anonymous_4)
DA:1,2
DA:29,29
DA:30,29
DA:31,29
DA:32,29
DA:33,29
DA:34,29
DA:35,29
DA:37,29
DA:38,8
DA:39,8
DA:43,29
DA:44,29
DA:45,29
DA:46,29
DA:47,29
DA:49,29
DA:50,29
DA:51,29
DA:53,29
DA:55,3
DA:56,3
DA:57,3
DA:58,3
DA:59,3
DA:60,3
DA:61,1
DA:66,29
DA:68,29
DA:79,14
DA:100,4
LF:31
LH:31
BRDA:38,0,0,8
BRDA:38,0,1,0
BRDA:38,1,0,8
BRDA:38,1,1,8
BRDA:45,2,0,29
BRDA:45,2,1,2
BRDA:46,3,0,29
BRDA:46,3,1,29
BRDA:49,4,0,14
BRDA:49,4,1,15
BRDA:50,5,0,29
BRDA:50,5,1,3
BRDA:50,5,2,1
BRDA:51,6,0,29
BRDA:51,6,1,3
BRDA:57,7,0,0
BRDA:57,7,1,3
BRDA:60,8,0,2
BRDA:60,8,1,1
BRDA:60,9,0,3
BRDA:60,9,1,2
BRDA:60,9,2,1
BRDA:66,10,0,29
BRDA:66,10,1,27
BRDA:66,10,2,26
BRDA:82,11,0,29
BRDA:82,11,1,28
BRDA:84,12,0,1
BRDA:84,12,1,28
BRDA:102,13,0,29
BRDA:102,13,1,27
BRDA:105,14,0,2
BRDA:105,14,1,27
BRF:33
BRH:31
end_of_record
TN:
SF:src\features\analyze-game\ui\AnalyzeForm.utils.ts
FN:1,currencyPrefixFromSettings
FN:9,(anonymous_1)
FNF:2
FNH:2
FNDA:34,currencyPrefixFromSettings
FNDA:32,(anonymous_1)
DA:2,34
DA:3,33
DA:4,33
DA:9,33
DA:10,33
DA:12,1
LF:6
LH:6
BRDA:2,0,0,1
BRDA:2,0,1,33
BRDA:10,1,0,33
BRDA:10,1,1,0
BRF:4
BRH:3
end_of_record
TN:
SF:src\features\analyze-game\ui\AnalyzePage.utils.ts
FN:1,errorMessage
FNF:1
FNH:1
FNDA:6,errorMessage
DA:2,6
DA:3,5
DA:4,4
LF:3
LH:3
BRDA:2,0,0,1
BRDA:2,0,1,5
BRDA:3,1,0,1
BRDA:3,1,1,4
BRF:4
BRH:4
end_of_record
TN:
SF:src\features\analyze-game\ui\HistoryPage.types.ts
FNF:0
FNH:0
LF:0
LH:0
BRF:0
BRH:0
end_of_record
TN:
SF:src\features\analyze-game\ui\ResultCard.utils.ts
FN:4,riskAccent
FN:11,riskColor
FN:18,confidenceColor
FN:25,scoreColor
FN:32,priceColor
FN:38,formatCurrencyValue
FN:52,formatPrice
FN:69,displaySortKey
FN:70,(anonymous_8)
FNF:9
FNH:9
FNDA:4,riskAccent
FNDA:4,riskColor
FNDA:7,confidenceColor
FNDA:8,scoreColor
FNDA:4,priceColor
FNDA:4,formatCurrencyValue
FNDA:3,formatPrice
FNDA:8,displaySortKey
FNDA:26,(anonymous_8)
DA:5,4
DA:6,3
DA:7,2
DA:8,1
DA:12,4
DA:13,3
DA:14,2
DA:15,1
DA:19,7
DA:20,7
DA:21,4
DA:22,2
DA:26,8
DA:27,6
DA:28,4
DA:29,2
DA:33,4
DA:34,4
DA:35,3
DA:39,4
DA:40,4
DA:41,4
DA:48,1
DA:53,3
DA:54,3
DA:55,3
DA:57,1
DA:61,2
DA:70,26
DA:71,8
DA:74,2
LF:31
LH:31
BRDA:5,0,0,1
BRDA:5,0,1,3
BRDA:6,1,0,1
BRDA:6,1,1,2
BRDA:7,2,0,1
BRDA:7,2,1,1
BRDA:12,3,0,1
BRDA:12,3,1,3
BRDA:13,4,0,1
BRDA:13,4,1,2
BRDA:14,5,0,1
BRDA:14,5,1,1
BRDA:20,6,0,3
BRDA:20,6,1,4
BRDA:20,7,0,7
BRDA:20,7,1,6
BRDA:21,8,0,2
BRDA:21,8,1,2
BRDA:26,9,0,2
BRDA:26,9,1,6
BRDA:27,10,0,2
BRDA:27,10,1,4
BRDA:28,11,0,2
BRDA:28,11,1,2
BRDA:34,12,0,1
BRDA:34,12,1,3
BRDA:34,13,0,4
BRDA:34,13,1,3
BRDA:39,14,0,4
BRDA:39,14,1,1
BRDA:53,15,0,3
BRDA:53,15,1,1
BRDA:71,16,0,2
BRDA:71,16,1,6
BRF:34
BRH:34
end_of_record
TN:
SF:src\features\analyze-game\ui\TrialExhaustedCard.tsx
FN:8,(anonymous_0)
FN:9,(anonymous_1)
FN:10,(anonymous_2)
FN:11,(anonymous_3)
FN:12,(anonymous_4)
FN:13,(anonymous_5)
FN:17,(anonymous_6)
FN:20,(anonymous_7)
FN:24,(anonymous_8)
FN:27,(anonymous_9)
FN:31,(anonymous_10)
FN:35,(anonymous_11)
FN:38,(anonymous_12)
FN:42,(anonymous_13)
FN:48,(anonymous_14)
FN:49,(anonymous_15)
FN:56,(anonymous_16)
FN:64,(anonymous_17)
FN:66,(anonymous_18)
FN:69,(anonymous_19)
FN:72,(anonymous_20)
FN:73,(anonymous_21)
FN:75,(anonymous_22)
FN:91,TrialExhaustedCard
FNF:24
FNH:0
FNDA:0,(anonymous_0)
FNDA:0,(anonymous_1)
FNDA:0,(anonymous_2)
FNDA:0,(anonymous_3)
FNDA:0,(anonymous_4)
FNDA:0,(anonymous_5)
FNDA:0,(anonymous_6)
FNDA:0,(anonymous_7)
FNDA:0,(anonymous_8)
FNDA:0,(anonymous_9)
FNDA:0,(anonymous_10)
FNDA:0,(anonymous_11)
FNDA:0,(anonymous_12)
FNDA:0,(anonymous_13)
FNDA:0,(anonymous_14)
FNDA:0,(anonymous_15)
FNDA:0,(anonymous_16)
FNDA:0,(anonymous_17)
FNDA:0,(anonymous_18)
FNDA:0,(anonymous_19)
FNDA:0,(anonymous_20)
FNDA:0,(anonymous_21)
FNDA:0,(anonymous_22)
FNDA:0,TrialExhaustedCard
DA:1,1
DA:7,1
DA:8,0
DA:9,0
DA:10,0
DA:11,0
DA:12,0
DA:13,0
DA:16,1
DA:17,0
DA:20,0
DA:23,1
DA:24,0
DA:27,0
DA:30,1
DA:31,0
DA:35,0
DA:38,0
DA:42,0
DA:48,0
DA:49,0
DA:54,1
DA:56,0
DA:60,1
DA:64,0
DA:66,0
DA:69,0
DA:72,0
DA:73,0
DA:76,0
DA:92,0
LF:31
LH:7
BRDA:75,0,0,0
BRDA:76,1,0,0
BRDA:76,1,1,0
BRF:3
BRH:0
end_of_record
TN:
SF:src\features\auth\index.ts
FNF:0
FNH:0
LF:0
LH:0
BRF:0
BRH:0
end_of_record
TN:
SF:src\features\auth\ui\AuthPage.tsx
FN:36,AuthPage
FN:46,(anonymous_1)
FN:92,(anonymous_2)
FN:100,(anonymous_3)
FN:123,(anonymous_4)
FN:149,(anonymous_5)
FN:169,(anonymous_6)
FN:192,(anonymous_7)
FN:225,(anonymous_8)
FN:228,(anonymous_9)
FN:245,(anonymous_10)
FN:258,(anonymous_11)
FN:271,(anonymous_12)
FN:278,(anonymous_13)
FN:290,(anonymous_14)
FNF:15
FNH:14
FNDA:331,AuthPage
FNDA:14,(anonymous_1)
FNDA:2,(anonymous_2)
FNDA:2,(anonymous_3)
FNDA:9,(anonymous_4)
FNDA:61,(anonymous_5)
FNDA:1,(anonymous_6)
FNDA:48,(anonymous_7)
FNDA:0,(anonymous_8)
FNDA:1,(anonymous_9)
FNDA:12,(anonymous_10)
FNDA:80,(anonymous_11)
FNDA:57,(anonymous_12)
FNDA:7,(anonymous_13)
FNDA:2,(anonymous_14)
DA:1,1
DA:37,331
DA:38,331
DA:39,331
DA:40,331
DA:41,331
DA:42,331
DA:43,331
DA:44,331
DA:46,331
DA:47,14
DA:48,14
DA:49,14
DA:50,14
DA:52,14
DA:53,3
DA:54,3
DA:55,1
DA:57,2
DA:59,11
DA:60,4
DA:61,1
DA:62,1
DA:63,1
DA:65,3
DA:66,3
DA:67,1
DA:69,2
DA:71,7
DA:72,5
DA:73,1
DA:74,1
DA:75,1
DA:77,4
DA:78,4
DA:79,1
DA:81,3
DA:82,3
DA:85,2
DA:86,2
DA:89,12
DA:92,331
DA:93,2
DA:94,2
DA:95,2
DA:96,2
DA:97,2
DA:100,331
DA:101,2
DA:102,2
DA:103,2
DA:104,2
DA:105,0
DA:106,0
DA:107,0
DA:111,0
DA:112,0
DA:113,0
DA:114,0
DA:115,0
DA:118,2
DA:120,2
DA:123,331
DA:124,9
DA:125,9
DA:126,9
DA:129,331
DA:130,76
DA:149,61
DA:165,255
DA:166,62
DA:169,1
DA:192,48
DA:207,193
DA:225,0
DA:228,1
DA:245,12
DA:258,80
DA:271,57
DA:278,7
DA:290,2
LF:81
LH:72
BRDA:36,0,0,331
BRDA:38,1,0,76
BRDA:38,1,1,255
BRDA:52,2,0,3
BRDA:52,2,1,11
BRDA:54,3,0,1
BRDA:54,3,1,2
BRDA:59,4,0,4
BRDA:59,4,1,7
BRDA:60,5,0,1
BRDA:60,5,1,3
BRDA:66,6,0,1
BRDA:66,6,1,2
BRDA:71,7,0,5
BRDA:71,7,1,2
BRDA:72,8,0,1
BRDA:72,8,1,4
BRDA:78,9,0,1
BRDA:78,9,1,3
BRDA:86,10,0,1
BRDA:86,10,1,1
BRDA:96,11,0,1
BRDA:96,11,1,1
BRDA:111,12,0,0
BRDA:111,12,1,0
BRDA:113,13,0,0
BRDA:113,13,1,0
BRDA:115,14,0,0
BRDA:115,14,1,0
BRDA:118,15,0,1
BRDA:118,15,1,1
BRDA:129,16,0,76
BRDA:129,16,1,255
BRDA:138,17,0,76
BRDA:138,17,1,2
BRDA:139,18,0,76
BRDA:139,18,1,3
BRDA:157,19,0,4
BRDA:157,19,1,72
BRDA:165,20,0,62
BRDA:165,20,1,193
BRDA:181,21,0,62
BRDA:181,21,1,2
BRDA:182,22,0,62
BRDA:182,22,1,2
BRDA:199,23,0,3
BRDA:199,23,1,59
BRDA:210,24,0,193
BRDA:210,24,1,2
BRDA:233,25,0,331
BRDA:233,25,1,5
BRDA:234,26,0,331
BRDA:234,26,1,2
BRDA:237,27,0,331
BRDA:237,27,1,104
BRDA:269,28,0,104
BRDA:269,28,1,89
BRDA:274,29,0,104
BRDA:274,29,1,89
BRDA:277,30,0,331
BRDA:277,30,1,89
BRDA:283,31,0,9
BRDA:283,31,1,184
BRDA:283,32,0,83
BRDA:283,32,1,101
BRF:65
BRH:59
end_of_record
TN:
SF:src\features\manage-library\index.ts
FNF:0
FNH:0
LF:0
LH:0
BRF:0
BRH:0
end_of_record
TN:
SF:src\features\manage-library\ui\AddGameModal.tsx
FN:7,AddGameModal
FN:24,(anonymous_1)
FN:31,(anonymous_2)
FN:32,(anonymous_3)
FN:42,(anonymous_4)
FN:46,(anonymous_5)
FNF:6
FNH:6
FNDA:15,AddGameModal
FNDA:6,(anonymous_1)
FNDA:1,(anonymous_2)
FNDA:3,(anonymous_3)
FNDA:5,(anonymous_4)
FNDA:6,(anonymous_5)
DA:1,2
DA:22,15
DA:24,6
DA:31,1
DA:33,3
DA:34,3
DA:43,5
DA:44,5
DA:47,6
DA:48,6
LF:10
LH:10
BRDA:33,0,0,1
BRDA:33,0,1,2
BRDA:34,1,0,1
BRDA:34,1,1,2
BRDA:44,2,0,5
BRDA:44,2,1,0
BRDA:44,3,0,5
BRDA:44,3,1,4
BRDA:44,3,2,4
BRDA:47,4,0,1
BRDA:47,4,1,5
BRDA:48,5,0,1
BRDA:48,5,1,5
BRF:13
BRH:12
end_of_record
TN:
SF:src\features\manage-library\ui\GameLibrary.types.ts
FNF:0
FNH:0
LF:0
LH:0
BRF:0
BRH:0
end_of_record
TN:
SF:src\features\manage-settings\index.ts
FNF:0
FNH:0
LF:0
LH:0
BRF:0
BRH:0
end_of_record
TN:
SF:src\features\manage-settings\ui\DangerSection.tsx
FN:7,DangerSection
FNF:1
FNH:1
FNDA:4,DangerSection
DA:1,2
DA:8,4
LF:2
LH:2
BRF:0
BRH:0
end_of_record
TN:
SF:src\features\onboarding\index.ts
FNF:0
FNH:0
LF:0
LH:0
BRF:0
BRH:0
end_of_record
TN:
SF:src\features\onboarding\ui\OnboardingChecklist.tsx
FN:24,wasDismissed
FN:37,OnboardingChecklist
FN:42,(anonymous_2)
FN:43,(anonymous_3)
FN:47,(anonymous_4)
FN:77,(anonymous_5)
FN:80,(anonymous_6)
FN:104,(anonymous_7)
FN:109,(anonymous_8)
FNF:9
FNH:9
FNDA:14,wasDismissed
FNDA:16,OnboardingChecklist
FNDA:14,(anonymous_2)
FNDA:18,(anonymous_3)
FNDA:14,(anonymous_4)
FNDA:48,(anonymous_5)
FNDA:2,(anonymous_6)
FNDA:33,(anonymous_7)
FNDA:1,(anonymous_8)
DA:1,2
DA:22,2
DA:25,14
DA:26,14
DA:38,16
DA:39,16
DA:40,16
DA:42,16
DA:43,18
DA:47,16
DA:77,48
DA:78,16
DA:80,16
DA:81,2
DA:82,2
DA:85,16
DA:86,12
DA:88,11
DA:90,11
DA:105,33
DA:110,1
DA:111,1
DA:112,1
LF:23
LH:23
BRDA:25,0,0,0
BRDA:25,0,1,14
BRDA:51,1,0,6
BRDA:51,1,1,8
BRDA:60,2,0,3
BRDA:60,2,1,11
BRDA:61,3,0,1
BRDA:61,3,1,2
BRDA:63,4,0,2
BRDA:63,4,1,12
BRDA:63,5,0,14
BRDA:63,5,1,3
BRDA:69,6,0,2
BRDA:69,6,1,12
BRDA:85,7,0,4
BRDA:85,7,1,12
BRDA:85,8,0,16
BRDA:85,8,1,13
BRDA:86,9,0,1
BRDA:86,9,1,11
BRDA:110,10,0,0
BRDA:110,10,1,1
BRDA:116,11,0,33
BRDA:116,11,1,6
BRF:24
BRH:22
end_of_record
TN:
SF:src\features\score-calculator\index.ts
FNF:0
FNH:0
LF:0
LH:0
BRF:0
BRH:0
end_of_record
TN:
SF:src\features\score-calculator\lib\gameScorer.ts
FN:13,calculateGameScore
FN:61,parseTimeInput
FN:109,formatTime
FNF:3
FNH:3
FNDA:120,calculateGameScore
FNDA:22,parseTimeInput
FNDA:8,formatTime
DA:17,120
DA:21,120
DA:22,8
DA:23,112
DA:24,6
DA:25,6
DA:26,106
DA:27,11
DA:28,11
DA:29,95
DA:30,20
DA:31,20
DA:32,75
DA:33,32
DA:34,32
DA:36,43
DA:37,43
DA:38,43
DA:41,120
DA:42,3
DA:43,2
DA:46,117
DA:49,120
DA:62,22
DA:64,22
DA:65,2
DA:68,20
DA:69,14
DA:71,14
DA:72,1
DA:75,13
DA:77,13
DA:78,13
DA:79,11
DA:80,11
DA:81,1
DA:83,10
DA:86,12
DA:87,12
DA:88,11
DA:89,11
DA:90,2
DA:92,9
DA:95,10
DA:97,6
DA:98,1
DA:101,5
DA:102,5
DA:103,2
DA:105,3
DA:110,8
DA:111,8
DA:113,8
DA:114,3
DA:115,5
DA:116,2
DA:118,3
LF:57
LH:57
BRDA:17,0,0,3
BRDA:17,0,1,117
BRDA:21,1,0,8
BRDA:21,1,1,112
BRDA:23,2,0,6
BRDA:23,2,1,106
BRDA:26,3,0,11
BRDA:26,3,1,95
BRDA:29,4,0,20
BRDA:29,4,1,75
BRDA:32,5,0,32
BRDA:32,5,1,43
BRDA:41,6,0,3
BRDA:41,6,1,117
BRDA:42,7,0,2
BRDA:42,7,1,1
BRDA:64,8,0,2
BRDA:64,8,1,20
BRDA:68,9,0,14
BRDA:68,9,1,6
BRDA:71,10,0,1
BRDA:71,10,1,13
BRDA:78,11,0,11
BRDA:78,11,1,2
BRDA:80,12,0,1
BRDA:80,12,1,10
BRDA:80,13,0,11
BRDA:80,13,1,11
BRDA:87,14,0,11
BRDA:87,14,1,1
BRDA:89,15,0,2
BRDA:89,15,1,9
BRDA:89,16,0,11
BRDA:89,16,1,11
BRDA:89,16,2,11
BRDA:97,17,0,1
BRDA:97,17,1,5
BRDA:102,18,0,2
BRDA:102,18,1,3
BRDA:102,19,0,5
BRDA:102,19,1,4
BRDA:113,20,0,3
BRDA:113,20,1,5
BRDA:114,21,0,2
BRDA:114,21,1,1
BRDA:115,22,0,2
BRDA:115,22,1,3
BRDA:116,23,0,1
BRDA:116,23,1,1
BRDA:118,24,0,1
BRDA:118,24,1,2
BRDA:118,25,0,2
BRDA:118,25,1,1
BRF:53
BRH:53
end_of_record
TN:
SF:src\features\score-calculator\ui\ScoreCalculatorPage.tsx
FN:20,ScoreCalculatorPage
FN:26,(anonymous_1)
FN:44,(anonymous_2)
FN:79,(anonymous_3)
FN:87,(anonymous_4)
FNF:5
FNH:5
FNDA:29,ScoreCalculatorPage
FNDA:5,(anonymous_1)
FNDA:1,(anonymous_2)
FNDA:15,(anonymous_3)
FNDA:1,(anonymous_4)
DA:1,2
DA:21,29
DA:22,29
DA:23,29
DA:24,29
DA:26,29
DA:27,5
DA:28,5
DA:30,5
DA:31,1
DA:32,1
DA:35,4
DA:36,4
DA:37,1
DA:38,1
DA:41,3
DA:44,29
DA:45,1
DA:46,1
DA:47,1
DA:48,1
DA:51,29
DA:79,15
DA:87,1
LF:24
LH:24
BRDA:30,0,0,1
BRDA:30,0,1,4
BRDA:36,1,0,1
BRDA:36,1,1,3
BRDA:76,2,0,29
BRDA:76,2,1,27
BRDA:92,3,0,29
BRDA:92,3,1,3
BRDA:100,4,0,29
BRDA:100,4,1,3
BRF:10
BRH:10
end_of_record
TN:
SF:src\features\score-calculator\ui\ScoreResult.tsx
FN:16,ScoreResult
FNF:1
FNH:1
FNDA:3,ScoreResult
DA:1,2
DA:17,3
LF:2
LH:2
BRF:0
BRH:0
end_of_record
TN:
SF:src\features\setup-wizard\index.ts
FNF:0
FNH:0
LF:0
LH:0
BRF:0
BRH:0
end_of_record
TN:
SF:src\features\setup-wizard\lib\prompt-generator.ts
FN:3,generateInstructions
FN:29,getExtendedSectionNames
FN:40,buildRole
FN:45,buildCorePrinciples
FN:55,buildScoringRubric
FN:69,buildScoringProcedure
FN:95,buildPlayStyleRules
FN:121,buildNegativeFactors
FN:150,buildPacingRules
FN:157,buildDialogueRules
FN:167,buildNavigationRules
FN:174,buildQualityRules
FN:181,buildRedLineRisk
FN:224,buildRefundGuard
FN:234,getPersonalizedSections
FN:256,(anonymous_15)
FN:257,(anonymous_16)
FN:260,buildOutputFormat
FNF:18
FNH:18
FNDA:25,generateInstructions
FNDA:6,getExtendedSectionNames
FNDA:25,buildRole
FNDA:25,buildCorePrinciples
FNDA:25,buildScoringRubric
FNDA:25,buildScoringProcedure
FNDA:25,buildPlayStyleRules
FNDA:25,buildNegativeFactors
FNDA:25,buildPacingRules
FNDA:25,buildDialogueRules
FNDA:25,buildNavigationRules
FNDA:25,buildQualityRules
FNDA:25,buildRedLineRisk
FNDA:25,buildRefundGuard
FNDA:6,getPersonalizedSections
FNDA:38,(anonymous_15)
FNDA:10,(anonymous_16)
FNDA:25,buildOutputFormat
DA:4,25
DA:6,25
DA:7,25
DA:8,25
DA:9,25
DA:10,25
DA:11,25
DA:12,25
DA:13,25
DA:14,25
DA:15,25
DA:16,25
DA:17,25
DA:18,25
DA:20,25
DA:21,1
DA:26,25
DA:30,6
DA:31,6
DA:32,10
DA:34,6
DA:35,1
DA:37,6
DA:41,25
DA:46,25
DA:56,25
DA:70,25
DA:96,25
DA:98,25
DA:99,23
DA:100,2
DA:101,1
DA:103,1
DA:106,25
DA:107,0
DA:110,25
DA:111,17
DA:114,25
DA:115,2
DA:118,25
DA:122,25
DA:124,25
DA:125,18
DA:128,25
DA:129,2
DA:132,25
DA:133,2
DA:136,25
DA:137,25
DA:140,25
DA:141,2
DA:142,2
DA:146,25
DA:147,25
DA:151,25
DA:153,19
DA:158,25
DA:159,1
DA:161,24
DA:163,25
DA:168,25
DA:170,2
DA:175,25
DA:177,15
DA:182,25
DA:183,25
DA:185,25
DA:186,3
DA:188,25
DA:189,2
DA:191,25
DA:192,18
DA:194,25
DA:195,17
DA:197,25
DA:198,2
DA:201,25
DA:202,2
DA:204,25
DA:205,2
DA:207,25
DA:208,2
DA:211,25
DA:212,2
DA:213,2
DA:217,25
DA:225,25
DA:235,6
DA:237,6
DA:238,5
DA:239,6
DA:240,5
DA:241,6
DA:242,1
DA:243,6
DA:244,1
DA:245,6
DA:246,1
DA:247,6
DA:248,1
DA:249,6
DA:250,5
DA:251,6
DA:252,5
DA:253,6
DA:254,0
DA:256,38
DA:257,10
DA:261,25
LF:109
LH:107
BRDA:20,0,0,1
BRDA:20,0,1,24
BRDA:34,1,0,1
BRDA:34,1,1,5
BRDA:98,2,0,23
BRDA:98,2,1,2
BRDA:100,3,0,1
BRDA:100,3,1,1
BRDA:106,4,0,0
BRDA:106,4,1,25
BRDA:110,5,0,17
BRDA:110,5,1,8
BRDA:114,6,0,2
BRDA:114,6,1,23
BRDA:124,7,0,18
BRDA:124,7,1,7
BRDA:128,8,0,2
BRDA:128,8,1,23
BRDA:132,9,0,2
BRDA:132,9,1,23
BRDA:136,10,0,25
BRDA:136,10,1,0
BRDA:136,11,0,25
BRDA:136,11,1,0
BRDA:140,12,0,2
BRDA:140,12,1,23
BRDA:146,13,0,0
BRDA:146,13,1,25
BRDA:151,14,0,6
BRDA:151,14,1,19
BRDA:151,15,0,25
BRDA:151,15,1,7
BRDA:158,16,0,1
BRDA:158,16,1,24
BRDA:158,17,0,25
BRDA:158,17,1,24
BRDA:161,18,0,2
BRDA:161,18,1,22
BRDA:164,19,0,2
BRDA:164,19,1,22
BRDA:168,20,0,23
BRDA:168,20,1,2
BRDA:175,21,0,10
BRDA:175,21,1,15
BRDA:175,22,0,25
BRDA:175,22,1,23
BRDA:185,23,0,3
BRDA:185,23,1,22
BRDA:185,24,0,25
BRDA:185,24,1,23
BRDA:188,25,0,2
BRDA:188,25,1,23
BRDA:191,26,0,18
BRDA:191,26,1,7
BRDA:194,27,0,17
BRDA:194,27,1,8
BRDA:197,28,0,2
BRDA:197,28,1,23
BRDA:201,29,0,2
BRDA:201,29,1,23
BRDA:204,30,0,2
BRDA:204,30,1,23
BRDA:207,31,0,2
BRDA:207,31,1,23
BRDA:211,32,0,2
BRDA:211,32,1,23
BRDA:219,33,0,21
BRDA:219,33,1,4
BRDA:220,34,0,5
BRDA:220,34,1,20
BRDA:237,35,0,5
BRDA:237,35,1,1
BRDA:239,36,0,5
BRDA:239,36,1,1
BRDA:241,37,0,1
BRDA:241,37,1,5
BRDA:243,38,0,1
BRDA:243,38,1,5
BRDA:245,39,0,1
BRDA:245,39,1,5
BRDA:247,40,0,1
BRDA:247,40,1,5
BRDA:249,41,0,5
BRDA:249,41,1,1
BRDA:249,42,0,6
BRDA:249,42,1,1
BRDA:251,43,0,5
BRDA:251,43,1,1
BRDA:253,44,0,0
BRDA:253,44,1,6
BRF:90
BRH:85
end_of_record
TN:
SF:src\features\setup-wizard\ui\SetupWizard.types.ts
FNF:0
FNH:0
LF:0
LH:0
BRF:0
BRH:0
end_of_record
TN:
SF:src\features\setup-wizard\ui\SetupWizard.utils.ts
FN:62,defaultSetupAnswers
FN:82,defaultAiConfig
FN:97,mergeGameLists
FN:99,(anonymous_3)
FN:121,computeScoreBuckets
FN:143,generateId
FNF:6
FNH:6
FNDA:3,defaultSetupAnswers
FNDA:1,defaultAiConfig
FNDA:10,mergeGameLists
FNDA:16,(anonymous_3)
FNDA:4,computeScoreBuckets
FNDA:101,generateId
DA:4,2
DA:11,2
DA:63,3
DA:83,1
DA:98,10
DA:99,16
DA:100,10
DA:101,8
DA:103,10
DA:104,8
DA:105,8
DA:106,8
DA:107,2
DA:108,2
DA:110,6
DA:111,2
DA:113,4
DA:114,4
DA:115,4
DA:118,10
DA:122,4
DA:129,4
DA:130,19
DA:131,3
DA:132,3
DA:134,16
DA:135,16
DA:136,12
DA:137,8
DA:138,4
DA:140,4
DA:144,101
LF:32
LH:32
BRDA:86,0,0,1
BRDA:86,0,1,0
BRDA:97,1,0,10
BRDA:106,2,0,2
BRDA:106,2,1,6
BRDA:110,3,0,2
BRDA:110,3,1,4
BRDA:111,4,0,1
BRDA:111,4,1,1
BRDA:111,5,0,2
BRDA:111,5,1,2
BRDA:113,6,0,4
BRDA:113,6,1,0
BRDA:114,7,0,4
BRDA:114,7,1,0
BRDA:115,8,0,1
BRDA:115,8,1,3
BRDA:130,9,0,3
BRDA:130,9,1,16
BRDA:130,10,0,19
BRDA:130,10,1,16
BRDA:130,10,2,16
BRDA:135,11,0,4
BRDA:135,11,1,12
BRDA:136,12,0,4
BRDA:136,12,1,8
BRDA:137,13,0,4
BRDA:137,13,1,4
BRF:28
BRH:25
end_of_record
TN:
SF:src\features\updater\ui\UpdateNotification.utils.ts
FN:6,isTauri
FN:10,compareVersions
FNF:2
FNH:2
FNDA:2,isTauri
FNDA:14,compareVersions
DA:1,1
DA:2,1
DA:3,1
DA:4,1
DA:7,2
DA:11,14
DA:12,14
DA:13,14
DA:14,33
DA:15,33
DA:16,33
DA:18,4
LF:12
LH:12
BRDA:7,0,0,2
BRDA:7,0,1,2
BRDA:14,1,0,33
BRDA:14,1,1,1
BRDA:15,2,0,33
BRDA:15,2,1,1
BRDA:16,3,0,10
BRDA:16,3,1,23
BRF:8
BRH:8
end_of_record
TN:
SF:src\shared\analytics\index.ts
FN:4,apiUrl
FN:12,postTrack
FN:36,trackSignup
FN:40,trackStarterAnalysis
FNF:4
FNH:0
FNDA:0,apiUrl
FNDA:0,postTrack
FNDA:0,trackSignup
FNDA:0,trackStarterAnalysis
DA:5,0
DA:6,0
DA:7,0
DA:9,0
DA:17,0
DA:18,0
DA:19,0
DA:21,0
DA:37,0
DA:48,0
DA:52,0
LF:11
LH:0
BRDA:5,0,0,0
BRDA:5,0,1,0
BRDA:6,1,0,0
BRDA:6,1,1,0
BRDA:6,2,0,0
BRDA:6,2,1,0
BRDA:19,3,0,0
BRDA:19,3,1,0
BRDA:29,4,0,0
BRDA:29,4,1,0
BRDA:48,5,0,0
BRDA:48,5,1,0
BRDA:48,6,0,0
BRDA:48,6,1,0
BRF:14
BRH:0
end_of_record
TN:
SF:src\shared\api\database.types.ts
FNF:0
FNH:0
LF:0
LH:0
BRF:0
BRH:0
end_of_record
TN:
SF:src\shared\api\index.ts
FNF:0
FNH:0
LF:0
LH:0
BRF:0
BRH:0
end_of_record
TN:
SF:src\shared\lib\storage.ts
FN:5,isTauri
FN:9,loadState
FN:20,saveState
FN:29,exportData
FN:34,importData
FN:41,clearData
FN:46,pickFileContent
FNF:7
FNH:7
FNDA:2,isTauri
FNDA:9,loadState
FNDA:7,saveState
FNDA:2,exportData
FNDA:3,importData
FNDA:3,clearData
FNDA:2,pickFileContent
DA:3,1
DA:6,2
DA:10,9
DA:11,9
DA:12,9
DA:13,9
DA:14,6
DA:16,1
DA:21,7
DA:22,7
DA:23,7
DA:25,1
DA:30,2
DA:31,2
DA:35,3
DA:36,3
DA:37,3
DA:38,3
DA:42,3
DA:43,3
DA:47,2
DA:48,1
DA:49,1
DA:50,1
DA:51,1
DA:54,0
DA:55,0
DA:61,2
LF:28
LH:26
BRDA:6,0,0,2
BRDA:6,0,1,2
BRDA:10,1,0,0
BRDA:10,1,1,9
BRDA:13,2,0,3
BRDA:13,2,1,6
BRDA:21,3,0,0
BRDA:21,3,1,7
BRDA:42,4,0,0
BRDA:42,4,1,3
BRDA:47,5,0,1
BRDA:47,5,1,1
BRDA:54,6,0,0
BRDA:54,6,1,0
BRF:14
BRH:9
end_of_record
TN:
SF:src\shared\types\index.ts
FNF:0
FNH:0
DA:18,25
DA:72,25
DA:100,25
DA:112,25
LF:4
LH:4
BRF:0
BRH:0
end_of_record
TN:
SF:src\shared\ui\Badge.tsx
FN:9,(anonymous_0)
FN:41,(anonymous_1)
FN:43,(anonymous_2)
FN:44,(anonymous_3)
FN:50,(anonymous_4)
FN:52,(anonymous_5)
FN:59,Badge
FNF:7
FNH:7
FNDA:6,(anonymous_0)
FNDA:6,(anonymous_1)
FNDA:6,(anonymous_2)
FNDA:6,(anonymous_3)
FNDA:6,(anonymous_4)
FNDA:6,(anonymous_5)
FNDA:6,Badge
DA:1,7
DA:9,7
DA:10,6
DA:12,1
DA:18,1
DA:24,1
DA:30,3
DA:38,7
DA:41,6
DA:43,6
DA:44,6
DA:50,6
DA:52,6
DA:60,6
LF:14
LH:14
BRDA:10,0,0,1
BRDA:10,0,1,1
BRDA:10,0,2,1
BRDA:10,0,3,3
BRDA:59,1,0,6
BRF:5
BRH:5
end_of_record
TN:
SF:src\shared\ui\Button.tsx
FN:21,(anonymous_0)
FN:44,(anonymous_1)
FN:115,(anonymous_2)
FN:116,(anonymous_3)
FN:119,(anonymous_4)
FN:122,(anonymous_5)
FN:123,(anonymous_6)
FN:124,(anonymous_7)
FN:125,(anonymous_8)
FN:126,(anonymous_9)
FN:127,(anonymous_10)
FN:128,(anonymous_11)
FN:130,(anonymous_12)
FN:131,(anonymous_13)
FN:132,(anonymous_14)
FN:134,(anonymous_15)
FN:150,(anonymous_16)
FN:164,(anonymous_17)
FN:176,Button
FNF:19
FNH:19
FNDA:103,(anonymous_0)
FNDA:103,(anonymous_1)
FNDA:103,(anonymous_2)
FNDA:103,(anonymous_3)
FNDA:103,(anonymous_4)
FNDA:103,(anonymous_5)
FNDA:103,(anonymous_6)
FNDA:103,(anonymous_7)
FNDA:103,(anonymous_8)
FNDA:103,(anonymous_9)
FNDA:103,(anonymous_10)
FNDA:103,(anonymous_11)
FNDA:103,(anonymous_12)
FNDA:103,(anonymous_13)
FNDA:103,(anonymous_14)
FNDA:103,(anonymous_15)
FNDA:103,(anonymous_16)
FNDA:4,(anonymous_17)
FNDA:103,Button
DA:1,8
DA:21,8
DA:22,103
DA:24,0
DA:30,29
DA:36,74
DA:44,8
DA:45,103
DA:47,81
DA:61,18
DA:76,0
DA:91,4
DA:107,8
DA:115,103
DA:116,103
DA:119,103
DA:122,103
DA:123,103
DA:124,103
DA:125,103
DA:126,103
DA:127,103
DA:128,103
DA:130,103
DA:131,103
DA:132,103
DA:134,103
DA:150,103
DA:155,8
DA:161,8
DA:164,4
DA:176,8
DA:189,103
DA:191,103
LF:34
LH:32
BRDA:22,0,0,0
BRDA:22,0,1,29
BRDA:22,0,2,74
BRDA:45,1,0,81
BRDA:45,1,1,18
BRDA:45,1,2,0
BRDA:45,1,3,4
BRDA:132,2,0,30
BRDA:132,2,1,73
BRDA:178,3,0,103
BRDA:179,4,0,103
BRDA:180,5,0,103
BRDA:181,6,0,103
BRDA:182,7,0,103
BRDA:184,8,0,103
BRDA:189,9,0,103
BRDA:189,9,1,88
BRDA:199,10,0,103
BRDA:199,10,1,99
BRDA:202,11,0,4
BRDA:202,11,1,99
BRF:21
BRH:19
end_of_record
TN:
SF:src\shared\ui\Card.tsx
FN:7,(anonymous_0)
FN:8,(anonymous_1)
FN:9,(anonymous_2)
FN:12,(anonymous_3)
FN:13,(anonymous_4)
FN:14,(anonymous_5)
FN:16,(anonymous_6)
FN:33,(anonymous_7)
FN:34,(anonymous_8)
FN:34,(anonymous_9)
FN:35,(anonymous_10)
FN:41,(anonymous_11)
FN:47,(anonymous_12)
FN:50,(anonymous_13)
FN:56,(anonymous_14)
FN:58,(anonymous_15)
FN:66,(anonymous_16)
FN:70,(anonymous_17)
FN:85,Card
FNF:19
FNH:19
FNDA:7,(anonymous_0)
FNDA:7,(anonymous_1)
FNDA:7,(anonymous_2)
FNDA:7,(anonymous_3)
FNDA:7,(anonymous_4)
FNDA:7,(anonymous_5)
FNDA:7,(anonymous_6)
FNDA:4,(anonymous_7)
FNDA:4,(anonymous_8)
FNDA:4,(anonymous_9)
FNDA:4,(anonymous_10)
FNDA:4,(anonymous_11)
FNDA:4,(anonymous_12)
FNDA:4,(anonymous_13)
FNDA:1,(anonymous_14)
FNDA:1,(anonymous_15)
FNDA:1,(anonymous_16)
FNDA:7,(anonymous_17)
FNDA:7,Card
DA:1,7
DA:6,7
DA:7,7
DA:8,7
DA:9,7
DA:12,7
DA:13,7
DA:14,7
DA:17,7
DA:29,7
DA:33,4
DA:34,4
DA:35,4
DA:38,7
DA:41,4
DA:45,7
DA:47,4
DA:50,4
DA:54,7
DA:56,1
DA:58,1
DA:62,7
DA:66,1
DA:69,7
DA:70,7
DA:94,7
DA:95,7
DA:97,7
LF:28
LH:28
BRDA:17,0,0,7
BRDA:17,0,1,0
BRDA:70,1,0,4
BRDA:70,1,1,3
BRDA:89,2,0,7
BRDA:94,3,0,7
BRDA:94,3,1,3
BRDA:94,3,2,3
BRDA:95,4,0,7
BRDA:95,4,1,7
BRDA:99,5,0,4
BRDA:99,5,1,3
BRDA:102,6,0,4
BRDA:102,6,1,0
BRDA:103,7,0,1
BRDA:103,7,1,3
BRDA:105,8,0,1
BRDA:105,8,1,3
BRF:18
BRH:16
end_of_record
TN:
SF:src\shared\ui\Checkbox.tsx
FN:9,(anonymous_0)
FN:32,(anonymous_1)
FN:34,(anonymous_2)
FN:36,(anonymous_3)
FN:39,(anonymous_4)
FN:40,(anonymous_5)
FN:43,(anonymous_6)
FN:44,(anonymous_7)
FN:49,(anonymous_8)
FN:51,(anonymous_9)
FN:60,Checkbox
FNF:11
FNH:11
FNDA:34,(anonymous_0)
FNDA:34,(anonymous_1)
FNDA:34,(anonymous_2)
FNDA:34,(anonymous_3)
FNDA:34,(anonymous_4)
FNDA:34,(anonymous_5)
FNDA:34,(anonymous_6)
FNDA:34,(anonymous_7)
FNDA:34,(anonymous_8)
FNDA:34,(anonymous_9)
FNDA:34,Checkbox
DA:1,7
DA:6,7
DA:9,34
DA:19,7
DA:25,7
DA:32,34
DA:35,34
DA:37,34
DA:39,34
DA:40,34
DA:43,34
DA:44,34
DA:48,7
DA:49,34
DA:51,34
DA:59,7
DA:61,34
DA:62,34
DA:64,34
LF:19
LH:19
BRDA:35,0,0,2
BRDA:35,0,1,32
BRDA:37,1,0,2
BRDA:37,1,1,32
BRDA:43,2,0,2
BRDA:43,2,1,32
BRDA:60,3,0,34
BRDA:62,4,0,34
BRDA:62,4,1,34
BRDA:65,5,0,34
BRDA:65,5,1,33
BRDA:88,6,0,34
BRDA:88,6,1,0
BRF:13
BRH:12
end_of_record
TN:
SF:src\shared\ui\FilterChip.tsx
FN:8,(anonymous_0)
FN:13,(anonymous_1)
FN:15,(anonymous_2)
FN:17,(anonymous_3)
FN:19,(anonymous_4)
FN:23,(anonymous_5)
FN:24,(anonymous_6)
FN:27,(anonymous_7)
FNF:8
FNH:8
FNDA:4,(anonymous_0)
FNDA:4,(anonymous_1)
FNDA:4,(anonymous_2)
FNDA:4,(anonymous_3)
FNDA:4,(anonymous_4)
FNDA:4,(anonymous_5)
FNDA:4,(anonymous_6)
FNDA:4,(anonymous_7)
DA:1,7
DA:5,7
DA:8,4
DA:13,4
DA:16,4
DA:18,4
DA:20,4
DA:23,4
DA:24,4
DA:27,4
LF:10
LH:10
BRDA:16,0,0,1
BRDA:16,0,1,3
BRDA:18,1,0,1
BRDA:18,1,1,3
BRDA:20,2,0,1
BRDA:20,2,1,3
BRF:6
BRH:6
end_of_record
TN:
SF:src\shared\ui\GuidanceBanner.tsx
FN:28,(anonymous_0)
FN:29,(anonymous_1)
FN:30,(anonymous_2)
FN:31,(anonymous_3)
FN:32,(anonymous_4)
FN:35,(anonymous_5)
FN:36,(anonymous_6)
FN:37,(anonymous_7)
FN:89,isDismissed
FN:98,dismiss
FN:104,scrollToHash
FN:117,GuidanceBanner
FN:126,(anonymous_12)
FN:128,(anonymous_13)
FN:133,(anonymous_14)
FN:142,(anonymous_15)
FNF:16
FNH:16
FNDA:44,(anonymous_0)
FNDA:44,(anonymous_1)
FNDA:44,(anonymous_2)
FNDA:44,(anonymous_3)
FNDA:44,(anonymous_4)
FNDA:44,(anonymous_5)
FNDA:44,(anonymous_6)
FNDA:44,(anonymous_7)
FNDA:11,isDismissed
FNDA:2,dismiss
FNDA:2,scrollToHash
FNDA:47,GuidanceBanner
FNDA:23,(anonymous_12)
FNDA:2,(anonymous_13)
FNDA:4,(anonymous_14)
FNDA:2,(anonymous_15)
DA:1,7
DA:19,7
DA:25,7
DA:28,44
DA:29,44
DA:30,44
DA:31,44
DA:32,44
DA:35,44
DA:36,44
DA:37,44
DA:50,7
DA:56,7
DA:61,7
DA:73,7
DA:90,11
DA:91,11
DA:92,11
DA:94,1
DA:99,2
DA:100,2
DA:105,2
DA:106,2
DA:108,2
DA:109,2
DA:110,1
DA:111,1
DA:113,1
DA:126,47
DA:128,47
DA:129,2
DA:130,2
DA:133,47
DA:135,4
DA:136,1
DA:137,1
DA:138,1
DA:140,3
DA:141,2
DA:142,2
DA:148,47
DA:150,44
DA:152,47
LF:43
LH:43
BRDA:90,0,0,0
BRDA:90,0,1,11
BRDA:106,1,0,0
BRDA:106,1,1,2
BRDA:109,2,0,1
BRDA:109,2,1,1
BRDA:119,3,0,47
BRDA:126,4,0,11
BRDA:126,4,1,12
BRDA:129,5,0,2
BRDA:129,5,1,0
BRDA:135,6,0,1
BRDA:135,6,1,3
BRDA:140,7,0,2
BRDA:140,7,1,1
BRDA:140,8,0,3
BRDA:140,8,1,3
BRDA:148,9,0,3
BRDA:148,9,1,44
BRDA:150,10,0,44
BRDA:150,10,1,43
BRDA:150,11,0,2
BRDA:150,11,1,41
BRDA:157,12,0,47
BRDA:157,12,1,35
BRDA:157,12,2,2
BRDA:157,12,3,34
BRDA:160,13,0,34
BRDA:160,13,1,1
BRDA:166,14,0,47
BRDA:166,14,1,32
BRF:31
BRH:28
end_of_record
TN:
SF:src\shared\ui\HashLink.tsx
FN:11,scrollToHash
FN:24,HashLink
FN:25,(anonymous_2)
FN:29,(anonymous_3)
FNF:4
FNH:4
FNDA:5,scrollToHash
FNDA:38,HashLink
FNDA:7,(anonymous_2)
FNDA:5,(anonymous_3)
DA:1,7
DA:12,5
DA:13,5
DA:15,4
DA:16,4
DA:17,1
DA:18,1
DA:20,3
DA:25,38
DA:26,7
DA:27,7
DA:28,5
DA:29,5
DA:33,38
LF:14
LH:14
BRDA:13,0,0,1
BRDA:13,0,1,4
BRDA:16,1,0,1
BRDA:16,1,1,3
BRDA:26,2,0,5
BRDA:26,2,1,2
BRDA:26,3,0,2
BRDA:26,3,1,1
BRDA:27,4,0,5
BRDA:27,4,1,2
BRF:10
BRH:10
end_of_record
TN:
SF:src\shared\ui\Icon.tsx
FN:264,Icon
FNF:1
FNH:1
FNDA:278,Icon
DA:1,7
DA:5,7
DA:40,7
DA:265,278
LF:4
LH:4
BRDA:264,0,0,278
BRF:1
BRH:1
end_of_record
TN:
SF:src\shared\ui\Input.tsx
FN:9,(anonymous_0)
FN:14,(anonymous_1)
FN:17,(anonymous_2)
FN:24,(anonymous_3)
FN:25,(anonymous_4)
FN:27,(anonymous_5)
FN:29,(anonymous_6)
FN:30,(anonymous_7)
FN:33,(anonymous_8)
FN:36,(anonymous_9)
FN:45,(anonymous_10)
FN:46,(anonymous_11)
FN:57,(anonymous_12)
FN:61,(anonymous_13)
FN:63,(anonymous_14)
FN:69,(anonymous_15)
FN:79,(anonymous_16)
FN:81,(anonymous_17)
FN:93,(anonymous_18)
FN:95,(anonymous_19)
FN:98,Input
FNF:21
FNH:19
FNDA:66,(anonymous_0)
FNDA:66,(anonymous_1)
FNDA:66,(anonymous_2)
FNDA:66,(anonymous_3)
FNDA:66,(anonymous_4)
FNDA:66,(anonymous_5)
FNDA:66,(anonymous_6)
FNDA:66,(anonymous_7)
FNDA:66,(anonymous_8)
FNDA:66,(anonymous_9)
FNDA:0,(anonymous_10)
FNDA:0,(anonymous_11)
FNDA:66,(anonymous_12)
FNDA:66,(anonymous_13)
FNDA:66,(anonymous_14)
FNDA:66,(anonymous_15)
FNDA:4,(anonymous_16)
FNDA:4,(anonymous_17)
FNDA:28,(anonymous_18)
FNDA:28,(anonymous_19)
FNDA:66,Input
DA:1,7
DA:6,7
DA:9,66
DA:13,7
DA:14,66
DA:17,66
DA:20,7
DA:24,66
DA:25,66
DA:27,66
DA:29,66
DA:30,66
DA:34,66
DA:36,66
DA:40,7
DA:45,0
DA:46,0
DA:54,7
DA:58,66
DA:61,66
DA:63,66
DA:69,66
DA:78,7
DA:79,4
DA:81,4
DA:92,7
DA:93,28
DA:95,28
DA:98,7
DA:102,66
DA:103,66
DA:104,66
DA:106,66
LF:33
LH:31
BRDA:27,0,0,4
BRDA:27,0,1,62
BRDA:34,1,0,4
BRDA:34,1,1,62
BRDA:36,2,0,4
BRDA:36,2,1,62
BRDA:59,3,0,0
BRDA:59,3,1,66
BRDA:103,4,0,66
BRDA:103,4,1,0
BRDA:103,4,2,0
BRDA:108,5,0,66
BRDA:108,5,1,0
BRDA:110,6,0,0
BRDA:110,6,1,66
BRDA:116,7,0,66
BRDA:116,7,1,62
BRDA:117,8,0,4
BRDA:117,8,1,62
BRDA:117,9,0,28
BRDA:117,9,1,34
BRDA:121,10,0,4
BRDA:121,10,1,62
BRDA:125,11,0,28
BRDA:125,11,1,34
BRF:25
BRH:20
end_of_record
TN:
SF:src\shared\ui\Layout.tsx
FN:9,(anonymous_0)
FN:11,(anonymous_1)
FN:12,(anonymous_2)
FN:15,(anonymous_3)
FN:16,(anonymous_4)
FN:26,(anonymous_5)
FN:27,(anonymous_6)
FN:32,(anonymous_7)
FN:35,(anonymous_8)
FN:40,(anonymous_9)
FN:42,(anonymous_10)
FN:46,(anonymous_11)
FN:47,(anonymous_12)
FN:48,(anonymous_13)
FN:49,(anonymous_14)
FN:50,(anonymous_15)
FN:52,(anonymous_16)
FN:53,(anonymous_17)
FN:54,(anonymous_18)
FN:59,(anonymous_19)
FN:60,(anonymous_20)
FN:63,(anonymous_21)
FN:67,(anonymous_22)
FN:68,(anonymous_23)
FN:70,(anonymous_24)
FN:76,(anonymous_25)
FNF:26
FNH:26
FNDA:29,(anonymous_0)
FNDA:29,(anonymous_1)
FNDA:29,(anonymous_2)
FNDA:29,(anonymous_3)
FNDA:29,(anonymous_4)
FNDA:29,(anonymous_5)
FNDA:29,(anonymous_6)
FNDA:29,(anonymous_7)
FNDA:29,(anonymous_8)
FNDA:29,(anonymous_9)
FNDA:29,(anonymous_10)
FNDA:4,(anonymous_11)
FNDA:4,(anonymous_12)
FNDA:4,(anonymous_13)
FNDA:4,(anonymous_14)
FNDA:4,(anonymous_15)
FNDA:4,(anonymous_16)
FNDA:4,(anonymous_17)
FNDA:4,(anonymous_18)
FNDA:4,(anonymous_19)
FNDA:4,(anonymous_20)
FNDA:4,(anonymous_21)
FNDA:4,(anonymous_22)
FNDA:4,(anonymous_23)
FNDA:4,(anonymous_24)
FNDA:33,(anonymous_25)
DA:1,6
DA:5,6
DA:9,29
DA:11,29
DA:12,29
DA:15,29
DA:16,29
DA:20,6
DA:26,29
DA:27,29
DA:30,6
DA:32,29
DA:35,29
DA:38,6
DA:40,29
DA:42,29
DA:45,6
DA:46,4
DA:47,4
DA:48,4
DA:49,4
DA:50,4
DA:52,4
DA:53,4
DA:54,4
DA:58,6
DA:59,4
DA:60,4
DA:63,4
DA:66,6
DA:67,4
DA:68,4
DA:70,4
DA:74,6
DA:76,33
LF:35
LH:35
BRF:0
BRH:0
end_of_record
TN:
SF:src\shared\ui\Modal.tsx
FN:33,(anonymous_0)
FN:36,(anonymous_1)
FN:46,(anonymous_2)
FN:47,(anonymous_3)
FN:48,(anonymous_4)
FN:49,(anonymous_5)
FN:50,(anonymous_6)
FN:59,(anonymous_7)
FN:60,(anonymous_8)
FN:61,(anonymous_9)
FN:62,(anonymous_10)
FN:67,(anonymous_11)
FN:70,(anonymous_12)
FN:72,(anonymous_13)
FN:77,(anonymous_14)
FN:78,(anonymous_15)
FN:85,(anonymous_16)
FN:88,(anonymous_17)
FN:91,(anonymous_18)
FN:94,(anonymous_19)
FN:95,(anonymous_20)
FN:98,(anonymous_21)
FN:99,(anonymous_22)
FN:103,(anonymous_23)
FN:109,(anonymous_24)
FN:111,(anonymous_25)
FN:113,(anonymous_26)
FN:127,Modal
FN:135,(anonymous_28)
FN:137,(anonymous_29)
FN:143,(anonymous_30)
FN:154,(anonymous_31)
FNF:32
FNH:32
FNDA:5,(anonymous_0)
FNDA:5,(anonymous_1)
FNDA:5,(anonymous_2)
FNDA:5,(anonymous_3)
FNDA:5,(anonymous_4)
FNDA:5,(anonymous_5)
FNDA:5,(anonymous_6)
FNDA:5,(anonymous_7)
FNDA:5,(anonymous_8)
FNDA:5,(anonymous_9)
FNDA:5,(anonymous_10)
FNDA:3,(anonymous_11)
FNDA:3,(anonymous_12)
FNDA:3,(anonymous_13)
FNDA:5,(anonymous_14)
FNDA:5,(anonymous_15)
FNDA:5,(anonymous_16)
FNDA:5,(anonymous_17)
FNDA:5,(anonymous_18)
FNDA:5,(anonymous_19)
FNDA:5,(anonymous_20)
FNDA:5,(anonymous_21)
FNDA:5,(anonymous_22)
FNDA:5,(anonymous_23)
FNDA:5,(anonymous_24)
FNDA:5,(anonymous_25)
FNDA:5,(anonymous_26)
FNDA:6,Modal
FNDA:6,(anonymous_28)
FNDA:1,(anonymous_29)
FNDA:5,(anonymous_30)
FNDA:2,(anonymous_31)
DA:1,7
DA:6,7
DA:15,7
DA:26,7
DA:33,5
DA:36,5
DA:39,7
DA:46,5
DA:47,5
DA:48,5
DA:49,5
DA:50,5
DA:54,7
DA:59,5
DA:60,5
DA:61,5
DA:62,5
DA:65,7
DA:67,3
DA:70,3
DA:72,3
DA:75,7
DA:77,5
DA:78,5
DA:85,5
DA:88,5
DA:91,5
DA:94,5
DA:95,5
DA:98,5
DA:99,5
DA:103,5
DA:108,7
DA:109,5
DA:111,5
DA:113,5
DA:135,6
DA:136,6
DA:137,5
DA:138,1
DA:140,5
DA:141,5
DA:142,5
DA:143,5
DA:144,5
DA:145,5
DA:149,6
DA:151,5
DA:155,2
LF:49
LH:49
BRDA:133,0,0,6
BRDA:136,1,0,1
BRDA:136,1,1,5
BRDA:138,2,0,1
BRDA:138,2,1,0
BRDA:149,3,0,1
BRDA:149,3,1,5
BRDA:155,4,0,1
BRDA:155,4,1,1
BRDA:161,5,0,3
BRDA:161,5,1,2
BRDA:165,6,0,3
BRDA:165,6,1,2
BRF:13
BRH:12
end_of_record
TN:
SF:src\shared\ui\Select.tsx
FN:9,(anonymous_0)
FN:14,(anonymous_1)
FN:17,(anonymous_2)
FN:23,(anonymous_3)
FN:24,(anonymous_4)
FN:26,(anonymous_5)
FN:28,(anonymous_6)
FN:29,(anonymous_7)
FN:32,(anonymous_8)
FN:35,(anonymous_9)
FN:42,(anonymous_10)
FN:44,(anonymous_11)
FN:46,(anonymous_12)
FN:61,(anonymous_13)
FN:68,(anonymous_14)
FN:72,(anonymous_15)
FN:74,(anonymous_16)
FN:83,Select
FNF:18
FNH:18
FNDA:4,(anonymous_0)
FNDA:4,(anonymous_1)
FNDA:4,(anonymous_2)
FNDA:4,(anonymous_3)
FNDA:4,(anonymous_4)
FNDA:4,(anonymous_5)
FNDA:4,(anonymous_6)
FNDA:4,(anonymous_7)
FNDA:4,(anonymous_8)
FNDA:4,(anonymous_9)
FNDA:4,(anonymous_10)
FNDA:4,(anonymous_11)
FNDA:4,(anonymous_12)
FNDA:4,(anonymous_13)
FNDA:4,(anonymous_14)
FNDA:1,(anonymous_15)
FNDA:1,(anonymous_16)
FNDA:4,Select
DA:1,7
DA:6,7
DA:9,4
DA:13,7
DA:14,4
DA:17,4
DA:20,7
DA:23,4
DA:24,4
DA:26,4
DA:28,4
DA:29,4
DA:33,4
DA:35,4
DA:39,7
DA:43,4
DA:44,4
DA:46,4
DA:58,7
DA:61,4
DA:68,4
DA:71,7
DA:72,1
DA:74,1
DA:83,7
DA:87,4
DA:88,4
DA:89,4
DA:91,4
LF:29
LH:29
BRDA:26,0,0,1
BRDA:26,0,1,3
BRDA:33,1,0,1
BRDA:33,1,1,3
BRDA:35,2,0,1
BRDA:35,2,1,3
BRDA:88,3,0,4
BRDA:88,3,1,0
BRDA:88,3,2,0
BRDA:93,4,0,4
BRDA:93,4,1,0
BRDA:99,5,0,4
BRDA:99,5,1,3
BRDA:100,6,0,1
BRDA:100,6,1,3
BRDA:107,7,0,1
BRDA:107,7,1,3
BRF:17
BRH:14
end_of_record
TN:
SF:src\shared\ui\Slider.tsx
FN:9,(anonymous_0)
FN:17,(anonymous_1)
FN:21,(anonymous_2)
FN:24,(anonymous_3)
FN:28,(anonymous_4)
FN:31,(anonymous_5)
FN:36,(anonymous_6)
FN:53,(anonymous_7)
FN:55,(anonymous_8)
FN:60,(anonymous_9)
FN:61,(anonymous_10)
FN:71,(anonymous_11)
FN:72,(anonymous_12)
FN:73,(anonymous_13)
FN:75,(anonymous_14)
FN:76,(anonymous_15)
FN:80,(anonymous_16)
FN:89,(anonymous_17)
FN:90,(anonymous_18)
FN:97,(anonymous_19)
FN:98,(anonymous_20)
FN:99,(anonymous_21)
FN:101,(anonymous_22)
FN:102,(anonymous_23)
FN:106,(anonymous_24)
FN:122,(anonymous_25)
FN:124,(anonymous_26)
FN:125,(anonymous_27)
FN:139,Slider
FN:152,(anonymous_29)
FN:154,(anonymous_30)
FN:164,(anonymous_31)
FNF:32
FNH:32
FNDA:9,(anonymous_0)
FNDA:9,(anonymous_1)
FNDA:8,(anonymous_2)
FNDA:8,(anonymous_3)
FNDA:9,(anonymous_4)
FNDA:9,(anonymous_5)
FNDA:9,(anonymous_6)
FNDA:9,(anonymous_7)
FNDA:9,(anonymous_8)
FNDA:9,(anonymous_9)
FNDA:9,(anonymous_10)
FNDA:9,(anonymous_11)
FNDA:9,(anonymous_12)
FNDA:9,(anonymous_13)
FNDA:9,(anonymous_14)
FNDA:9,(anonymous_15)
FNDA:9,(anonymous_16)
FNDA:9,(anonymous_17)
FNDA:9,(anonymous_18)
FNDA:9,(anonymous_19)
FNDA:9,(anonymous_20)
FNDA:9,(anonymous_21)
FNDA:9,(anonymous_22)
FNDA:9,(anonymous_23)
FNDA:9,(anonymous_24)
FNDA:9,(anonymous_25)
FNDA:9,(anonymous_26)
FNDA:9,(anonymous_27)
FNDA:9,Slider
FNDA:8,(anonymous_29)
FNDA:8,(anonymous_30)
FNDA:1,(anonymous_31)
DA:1,7
DA:6,7
DA:9,9
DA:13,7
DA:17,9
DA:20,7
DA:21,8
DA:24,8
DA:27,7
DA:28,9
DA:31,9
DA:34,7
DA:36,9
DA:39,7
DA:53,9
DA:55,9
DA:60,9
DA:61,9
DA:71,9
DA:72,9
DA:73,9
DA:75,9
DA:76,9
DA:80,9
DA:89,9
DA:90,9
DA:97,9
DA:98,9
DA:99,9
DA:101,9
DA:102,9
DA:106,9
DA:119,7
DA:122,9
DA:124,9
DA:125,9
DA:151,9
DA:152,9
DA:154,9
DA:155,8
DA:156,1
DA:160,9
DA:162,9
DA:164,9
DA:165,1
DA:166,1
DA:167,1
DA:170,9
DA:172,9
LF:49
LH:49
BRDA:141,0,0,9
BRDA:142,1,0,9
BRDA:152,2,0,8
BRDA:152,2,1,6
BRDA:152,3,0,8
BRDA:152,3,1,7
BRDA:155,4,0,1
BRDA:155,4,1,7
BRDA:155,5,0,8
BRDA:155,5,1,6
BRDA:156,6,0,1
BRDA:156,6,1,0
BRDA:160,7,0,2
BRDA:160,7,1,7
BRDA:162,8,0,1
BRDA:162,8,1,8
BRDA:166,9,0,1
BRDA:166,9,1,0
BRDA:170,10,0,9
BRDA:170,10,1,0
BRDA:175,11,0,8
BRDA:175,11,1,1
BRDA:183,12,0,2
BRDA:183,12,1,7
BRDA:184,13,0,2
BRDA:184,13,1,7
BRF:26
BRH:23
end_of_record
TN:
SF:src\shared\ui\Tabs.tsx
FN:14,useTabsContext
FN:25,(anonymous_1)
FN:32,(anonymous_2)
FN:33,(anonymous_3)
FN:38,(anonymous_4)
FN:40,(anonymous_5)
FN:43,(anonymous_6)
FN:47,(anonymous_7)
FN:50,(anonymous_8)
FN:51,(anonymous_9)
FN:52,(anonymous_10)
FN:55,(anonymous_11)
FN:56,(anonymous_12)
FN:57,(anonymous_13)
FN:57,(anonymous_14)
FN:65,(anonymous_15)
FN:67,(anonymous_16)
FN:86,(anonymous_17)
FN:89,(anonymous_18)
FN:100,Tabs
FN:102,(anonymous_20)
FN:109,(anonymous_21)
FN:124,TabList
FN:139,Tab
FN:156,(anonymous_24)
FN:169,TabPanel
FN:189,TabPanels
FNF:27
FNH:27
FNDA:42,useTabsContext
FNDA:7,(anonymous_1)
FNDA:7,(anonymous_2)
FNDA:7,(anonymous_3)
FNDA:21,(anonymous_4)
FNDA:21,(anonymous_5)
FNDA:21,(anonymous_6)
FNDA:21,(anonymous_7)
FNDA:21,(anonymous_8)
FNDA:21,(anonymous_9)
FNDA:21,(anonymous_10)
FNDA:21,(anonymous_11)
FNDA:21,(anonymous_12)
FNDA:21,(anonymous_13)
FNDA:21,(anonymous_14)
FNDA:21,(anonymous_15)
FNDA:21,(anonymous_16)
FNDA:7,(anonymous_17)
FNDA:7,(anonymous_18)
FNDA:7,Tabs
FNDA:2,(anonymous_20)
FNDA:7,(anonymous_21)
FNDA:7,TabList
FNDA:21,Tab
FNDA:2,(anonymous_24)
FNDA:21,TabPanel
FNDA:7,TabPanels
DA:1,7
DA:12,7
DA:15,42
DA:16,42
DA:17,0
DA:19,42
DA:22,7
DA:25,7
DA:29,7
DA:32,7
DA:33,7
DA:36,7
DA:38,21
DA:40,21
DA:43,21
DA:47,21
DA:50,21
DA:51,21
DA:52,21
DA:55,21
DA:56,21
DA:57,21
DA:65,21
DA:67,21
DA:76,7
DA:80,7
DA:85,7
DA:86,7
DA:89,7
DA:101,7
DA:102,7
DA:104,2
DA:109,7
DA:111,7
DA:125,7
DA:140,21
DA:141,21
DA:142,21
DA:143,21
DA:145,21
DA:156,2
DA:170,21
DA:171,21
DA:172,21
DA:173,21
DA:175,21
DA:177,7
DA:190,7
LF:48
LH:47
BRDA:16,0,0,0
BRDA:16,0,1,42
BRDA:43,1,0,7
BRDA:43,1,1,14
BRDA:47,2,0,7
BRDA:47,2,1,14
BRDA:104,3,0,1
BRDA:104,3,1,1
BRDA:152,4,0,7
BRDA:152,4,1,14
BRDA:175,5,0,14
BRDA:175,5,1,7
BRF:12
BRH:11
end_of_record
TN:
SF:src\shared\ui\TextArea.tsx
FN:9,(anonymous_0)
FN:14,(anonymous_1)
FN:17,(anonymous_2)
FN:22,(anonymous_3)
FN:23,(anonymous_4)
FN:25,(anonymous_5)
FN:27,(anonymous_6)
FN:28,(anonymous_7)
FN:31,(anonymous_8)
FN:34,(anonymous_9)
FN:42,(anonymous_10)
FN:43,(anonymous_11)
FN:46,(anonymous_12)
FN:53,(anonymous_13)
FN:64,(anonymous_14)
FN:66,(anonymous_15)
FN:71,(anonymous_16)
FN:73,(anonymous_17)
FN:79,(anonymous_18)
FN:81,(anonymous_19)
FN:83,(anonymous_20)
FN:96,TextArea
FN:121,(anonymous_22)
FN:125,(anonymous_23)
FN:134,(anonymous_24)
FN:141,(anonymous_25)
FN:149,(anonymous_26)
FNF:27
FNH:27
FNDA:19,(anonymous_0)
FNDA:19,(anonymous_1)
FNDA:19,(anonymous_2)
FNDA:19,(anonymous_3)
FNDA:19,(anonymous_4)
FNDA:19,(anonymous_5)
FNDA:19,(anonymous_6)
FNDA:19,(anonymous_7)
FNDA:19,(anonymous_8)
FNDA:19,(anonymous_9)
FNDA:19,(anonymous_10)
FNDA:19,(anonymous_11)
FNDA:19,(anonymous_12)
FNDA:19,(anonymous_13)
FNDA:19,(anonymous_14)
FNDA:19,(anonymous_15)
FNDA:2,(anonymous_16)
FNDA:2,(anonymous_17)
FNDA:9,(anonymous_18)
FNDA:9,(anonymous_19)
FNDA:9,(anonymous_20)
FNDA:19,TextArea
FNDA:9,(anonymous_22)
FNDA:18,(anonymous_23)
FNDA:19,(anonymous_24)
FNDA:9,(anonymous_25)
FNDA:10,(anonymous_26)
DA:1,7
DA:6,7
DA:9,19
DA:13,7
DA:14,19
DA:17,19
DA:20,7
DA:22,19
DA:23,19
DA:25,19
DA:27,19
DA:28,19
DA:32,19
DA:34,19
DA:38,7
DA:42,19
DA:43,19
DA:46,19
DA:53,19
DA:62,7
DA:64,19
DA:66,19
DA:70,7
DA:71,2
DA:73,2
DA:78,7
DA:79,9
DA:81,9
DA:83,9
DA:96,7
DA:115,19
DA:116,19
DA:117,19
DA:118,19
DA:119,19
DA:120,19
DA:121,19
DA:122,9
DA:125,19
DA:127,18
DA:128,18
DA:129,18
DA:134,19
DA:135,19
DA:136,19
DA:137,0
DA:138,0
DA:141,19
DA:142,9
DA:145,19
DA:147,19
DA:149,19
DA:150,10
DA:151,10
DA:152,10
DA:155,19
LF:56
LH:54
BRDA:25,0,0,2
BRDA:25,0,1,17
BRDA:32,1,0,2
BRDA:32,1,1,17
BRDA:34,2,0,2
BRDA:34,2,1,17
BRDA:64,3,0,2
BRDA:64,3,1,17
BRDA:81,4,0,0
BRDA:81,4,1,9
BRDA:103,5,0,19
BRDA:110,6,0,19
BRDA:117,7,0,19
BRDA:117,7,1,0
BRDA:117,7,2,0
BRDA:119,8,0,19
BRDA:119,8,1,18
BRDA:122,9,0,0
BRDA:122,9,1,9
BRDA:128,10,0,0
BRDA:128,10,1,18
BRDA:129,11,0,0
BRDA:129,11,1,18
BRDA:136,12,0,19
BRDA:136,12,1,0
BRDA:136,13,0,19
BRDA:136,13,1,19
BRDA:145,14,0,1
BRDA:145,14,1,18
BRDA:145,15,0,19
BRDA:145,15,1,1
BRDA:147,16,0,19
BRDA:147,16,1,8
BRDA:150,17,0,10
BRDA:150,17,1,0
BRDA:157,18,0,19
BRDA:157,18,1,0
BRDA:168,19,0,19
BRDA:168,19,1,17
BRDA:170,20,0,19
BRDA:170,20,1,8
BRDA:170,21,0,2
BRDA:170,21,1,17
BRDA:170,22,0,9
BRDA:170,22,1,10
BRDA:176,23,0,0
BRDA:176,23,1,19
BRDA:182,24,0,2
BRDA:182,24,1,17
BRDA:187,25,0,8
BRDA:187,25,1,11
BRDA:187,26,0,19
BRDA:187,26,1,9
BRDA:191,27,0,1
BRDA:191,27,1,10
BRF:55
BRH:45
end_of_record
TN:
SF:src\shared\ui\index.ts
FNF:0
FNH:0
LF:0
LH:0
BRF:0
BRH:0
end_of_record
TN:
SF:src\widgets\app-shell\index.ts
FNF:0
FNH:0
LF:0
LH:0
BRF:0
BRH:0
end_of_record
TN:
SF:src\widgets\app-shell\ui\AppShell.types.ts
FNF:0
FNH:0
LF:0
LH:0
BRF:0
BRH:0
end_of_record
TN:
SF:src\widgets\app-shell\ui\AppShell.utils.ts
FN:1,(anonymous_0)
FN:2,(anonymous_1)
FN:3,(anonymous_2)
FNF:3
FNH:2
FNDA:3,(anonymous_0)
FNDA:0,(anonymous_1)
FNDA:1,(anonymous_2)
DA:1,2
DA:2,1
DA:3,1
LF:3
LH:3
BRF:0
BRH:0
end_of_record
TN:
SF:src\widgets\app-shell\ui\KeepAlivePages.utils.ts
FN:22,matchRoute
FNF:1
FNH:1
FNDA:9,matchRoute
DA:13,1
DA:23,9
DA:24,7
LF:3
LH:3
BRDA:23,0,0,2
BRDA:23,0,1,7
BRDA:23,1,0,2
BRDA:23,1,1,1
BRDA:24,2,0,7
BRDA:24,2,1,5
BRF:6
BRH:6
end_of_record
TN:
SF:src\widgets\sidebar\index.ts
FNF:0
FNH:0
LF:0
LH:0
BRF:0
BRH:0
end_of_record
TN:
SF:src\widgets\sidebar\ui\Sidebar.tsx
FN:35,Sidebar
FN:47,(anonymous_1)
FN:49,(anonymous_2)
FN:51,(anonymous_3)
FN:58,(anonymous_4)
FN:61,(anonymous_5)
FN:63,(anonymous_6)
FN:75,(anonymous_7)
FN:75,(anonymous_8)
FN:86,(anonymous_9)
FN:91,(anonymous_10)
FN:116,(anonymous_11)
FN:117,(anonymous_12)
FN:121,(anonymous_13)
FNF:14
FNH:12
FNDA:28,Sidebar
FNDA:2,(anonymous_1)
FNDA:28,(anonymous_2)
FNDA:2,(anonymous_3)
FNDA:7,(anonymous_4)
FNDA:5,(anonymous_5)
FNDA:0,(anonymous_6)
FNDA:2,(anonymous_7)
FNDA:2,(anonymous_8)
FNDA:168,(anonymous_9)
FNDA:1,(anonymous_10)
FNDA:0,(anonymous_11)
FNDA:2,(anonymous_12)
FNDA:2,(anonymous_13)
DA:1,1
DA:36,28
DA:37,28
DA:38,28
DA:39,28
DA:40,28
DA:42,28
DA:43,0
DA:44,0
DA:47,28
DA:49,28
DA:50,28
DA:51,7
DA:52,2
DA:53,2
DA:54,1
DA:57,7
DA:58,7
DA:61,28
DA:63,28
DA:64,0
DA:65,0
DA:66,0
DA:69,28
DA:75,2
DA:87,168
DA:92,1
DA:93,1
DA:116,0
DA:117,2
DA:121,2
LF:31
LH:25
BRDA:42,0,0,0
BRDA:42,0,1,28
BRDA:50,1,0,21
BRDA:50,1,1,7
BRDA:50,2,0,28
BRDA:50,2,1,26
BRDA:52,3,0,2
BRDA:52,3,1,0
BRDA:53,4,0,1
BRDA:53,4,1,1
BRDA:73,5,0,2
BRDA:73,5,1,26
BRDA:102,6,0,28
BRDA:102,6,1,27
BRDA:104,7,0,27
BRDA:104,7,1,26
BRDA:115,8,0,28
BRDA:115,8,1,5
BRF:18
BRH:16
end_of_record
TN:
SF:src\widgets\sidebar\ui\Sidebar.utils.ts
FN:12,isNavActive
FNF:1
FNH:1
FNDA:176,isNavActive
DA:3,2
DA:13,176
DA:14,146
DA:15,145
LF:4
LH:4
BRDA:13,0,0,30
BRDA:13,0,1,146
BRDA:14,1,0,1
BRDA:14,1,1,145
BRDA:14,2,0,146
BRDA:14,2,1,1
BRF:6
BRH:6
end_of_record
